CRITICAL - 2023-04-14 07:39:15 --> fopen(C:/wamp64/www/digitalsignature/userassets/mydocuments/237b9e4abfed43464786f75e7c61ba506a110a94//bcbbfa332901052f417265b0b3637d7c.pdf): failed to open stream: No such file or directory
in FCPATH\vendor\setasign\fpdi\src\PdfParser\StreamReader.php on line 42.
 1 [internal function]: CodeIgniter\Debug\Exceptions->errorHandler(2, 'fopen(C:/wamp64/www/digitalsignature/userassets/mydocuments/237b9e4abfed43464786f75e7c61ba506a110a94//bcbbfa332901052f417265b0b3637d7c.pdf): failed to open stream: No such file or directory', 'FCPATH\\vendor\\setasign\\fpdi\\src\\PdfParser\\StreamReader.php', 42, [...])
 2 FCPATH\vendor\setasign\fpdi\src\PdfParser\StreamReader.php(42): fopen('C:/wamp64/www/digitalsignature/userassets/mydocuments/237b9e4abfed43464786f75e7c61ba506a110a94//bcbbfa332901052f417265b0b3637d7c.pdf', 'rb')
 3 FCPATH\vendor\setasign\fpdi\src\FpdiTrait.php(174): setasign\Fpdi\PdfParser\StreamReader::createByFile('C:/wamp64/www/digitalsignature/userassets/mydocuments/237b9e4abfed43464786f75e7c61ba506a110a94//bcbbfa332901052f417265b0b3637d7c.pdf')
 4 FCPATH\vendor\setasign\fpdi\src\FpdiTrait.php(213): setasign\Fpdi\Fpdi->getPdfReaderId('C:/wamp64/www/digitalsignature/userassets/mydocuments/237b9e4abfed43464786f75e7c61ba506a110a94//bcbbfa332901052f417265b0b3637d7c.pdf')
 5 APPPATH\Libraries\GeneratePdf.php(30): setasign\Fpdi\Fpdi->setSourceFile('C:/wamp64/www/digitalsignature/userassets/mydocuments/237b9e4abfed43464786f75e7c61ba506a110a94//bcbbfa332901052f417265b0b3637d7c.pdf')
 6 APPPATH\Controllers\Document.php(1078): App\Libraries\GeneratePdf->preparePdf('C:\\wamp64\\www\\digitalsignature', 'C:/wamp64/www/digitalsignature/userassets/mydocuments/237b9e4abfed43464786f75e7c61ba506a110a94//bcbbfa332901052f417265b0b3637d7c.pdf', [...], '74d54a8cbaa223fe3e3df34a80b4f2145b1e2fb047419bf6880f6a1033d2a77851525825be08f41a2511c254e891b39598ff9d414beaf20361653cfcf5db4c0d29f8aOgKceaZMSiiCz2dOSH+iGOv9H9wUzZqwbLxg+4G26j+Gt4vE8c4rVAGIf97r8rEGR9mCtE+nUdDPKzSE3W/etzMOLIAKKERCTQ+zsoCFcZOsDMvPN4Gc/DJXexFK0KTTtJm8nlKO2FoBl+zCeaMGAi39W0tuQXbDI2zZKvRPiVm1Ph0Y43MgGWwNDgqR6vpj4csygpVOpguDgaR3pVkQofHDIVO6Ko8fTimqfoqm8FfO+rxms/WLRx4sWZscc/grYVHwa8Hi+vl', '37a3235a19a98fd3e4bf7b0bcbe74669')
 7 SYSTEMPATH\CodeIgniter.php(934): App\Controllers\Document->processsign()
 8 SYSTEMPATH\CodeIgniter.php(499): CodeIgniter\CodeIgniter->runController(Object(App\Controllers\Document))
 9 SYSTEMPATH\CodeIgniter.php(368): CodeIgniter\CodeIgniter->handleRequest(null, Object(Config\Cache), false)
10 FCPATH\index.php(68): CodeIgniter\CodeIgniter->run()
CRITICAL - 2023-04-14 07:43:37 --> fopen(C:/wamp64/www/digitalsignature/userassets/mydocuments/237b9e4abfed43464786f75e7c61ba506a110a94//bcbbfa332901052f417265b0b3637d7c.pdf): failed to open stream: No such file or directory
in FCPATH\vendor\setasign\fpdi\src\PdfParser\StreamReader.php on line 42.
 1 [internal function]: CodeIgniter\Debug\Exceptions->errorHandler(2, 'fopen(C:/wamp64/www/digitalsignature/userassets/mydocuments/237b9e4abfed43464786f75e7c61ba506a110a94//bcbbfa332901052f417265b0b3637d7c.pdf): failed to open stream: No such file or directory', 'FCPATH\\vendor\\setasign\\fpdi\\src\\PdfParser\\StreamReader.php', 42, [...])
 2 FCPATH\vendor\setasign\fpdi\src\PdfParser\StreamReader.php(42): fopen('C:/wamp64/www/digitalsignature/userassets/mydocuments/237b9e4abfed43464786f75e7c61ba506a110a94//bcbbfa332901052f417265b0b3637d7c.pdf', 'rb')
 3 FCPATH\vendor\setasign\fpdi\src\FpdiTrait.php(174): setasign\Fpdi\PdfParser\StreamReader::createByFile('C:/wamp64/www/digitalsignature/userassets/mydocuments/237b9e4abfed43464786f75e7c61ba506a110a94//bcbbfa332901052f417265b0b3637d7c.pdf')
 4 FCPATH\vendor\setasign\fpdi\src\FpdiTrait.php(213): setasign\Fpdi\Fpdi->getPdfReaderId('C:/wamp64/www/digitalsignature/userassets/mydocuments/237b9e4abfed43464786f75e7c61ba506a110a94//bcbbfa332901052f417265b0b3637d7c.pdf')
 5 APPPATH\Libraries\GeneratePdf.php(30): setasign\Fpdi\Fpdi->setSourceFile('C:/wamp64/www/digitalsignature/userassets/mydocuments/237b9e4abfed43464786f75e7c61ba506a110a94//bcbbfa332901052f417265b0b3637d7c.pdf')
 6 APPPATH\Controllers\Document.php(1078): App\Libraries\GeneratePdf->preparePdf('C:\\wamp64\\www\\digitalsignature', 'C:/wamp64/www/digitalsignature/userassets/mydocuments/237b9e4abfed43464786f75e7c61ba506a110a94//bcbbfa332901052f417265b0b3637d7c.pdf', [...], '1395f348a945777f9478801c0bd22f0044ff367c6ce6e01e50feb55f2d12a7b269dc215d17e0cdc91dd7692722d7543a5e58a2054124fdb11f89399ebd42578aPdSGujx54GRm/wYsVAxaSJTXtoGro5TzNvGztxCfbZaqEVi5xvhDJ4iso+I6UMoEY30b1IxuwenPPRvILVr7ZBsK4/c8Ena3X02wAyGQIjOWTUKoxAJRhRon0eK4FHgtY75gQzH2Urd3MFDiAXk2y5eZ7CweKFbdbhDSAf5LXpqCnTRBXtUtTBtEL/ZUqTFy+c6jMhkM9SFG+VMygzHPNCgz2800c0viNO6Td9BAvYJi30C6J5dTgck9ocItKON33Ie0ka28/TaLmbiD', '37a3235a19a98fd3e4bf7b0bcbe74669')
 7 SYSTEMPATH\CodeIgniter.php(934): App\Controllers\Document->processsign()
 8 SYSTEMPATH\CodeIgniter.php(499): CodeIgniter\CodeIgniter->runController(Object(App\Controllers\Document))
 9 SYSTEMPATH\CodeIgniter.php(368): CodeIgniter\CodeIgniter->handleRequest(null, Object(Config\Cache), false)
10 FCPATH\index.php(68): CodeIgniter\CodeIgniter->run()
CRITICAL - 2023-04-14 09:04:03 --> fopen(C:/wamp64/www/digitalsignature/userassets/mydocuments/237b9e4abfed43464786f75e7c61ba506a110a94//bcbbfa332901052f417265b0b3637d7c.pdf): failed to open stream: No such file or directory
in FCPATH\vendor\setasign\fpdi\src\PdfParser\StreamReader.php on line 42.
 1 [internal function]: CodeIgniter\Debug\Exceptions->errorHandler(2, 'fopen(C:/wamp64/www/digitalsignature/userassets/mydocuments/237b9e4abfed43464786f75e7c61ba506a110a94//bcbbfa332901052f417265b0b3637d7c.pdf): failed to open stream: No such file or directory', 'FCPATH\\vendor\\setasign\\fpdi\\src\\PdfParser\\StreamReader.php', 42, [...])
 2 FCPATH\vendor\setasign\fpdi\src\PdfParser\StreamReader.php(42): fopen('C:/wamp64/www/digitalsignature/userassets/mydocuments/237b9e4abfed43464786f75e7c61ba506a110a94//bcbbfa332901052f417265b0b3637d7c.pdf', 'rb')
 3 FCPATH\vendor\setasign\fpdi\src\FpdiTrait.php(174): setasign\Fpdi\PdfParser\StreamReader::createByFile('C:/wamp64/www/digitalsignature/userassets/mydocuments/237b9e4abfed43464786f75e7c61ba506a110a94//bcbbfa332901052f417265b0b3637d7c.pdf')
 4 FCPATH\vendor\setasign\fpdi\src\FpdiTrait.php(213): setasign\Fpdi\Fpdi->getPdfReaderId('C:/wamp64/www/digitalsignature/userassets/mydocuments/237b9e4abfed43464786f75e7c61ba506a110a94//bcbbfa332901052f417265b0b3637d7c.pdf')
 5 APPPATH\Libraries\GeneratePdf.php(30): setasign\Fpdi\Fpdi->setSourceFile('C:/wamp64/www/digitalsignature/userassets/mydocuments/237b9e4abfed43464786f75e7c61ba506a110a94//bcbbfa332901052f417265b0b3637d7c.pdf')
 6 APPPATH\Controllers\Document.php(1085): App\Libraries\GeneratePdf->preparePdf('C:\\wamp64\\www\\digitalsignature', 'C:/wamp64/www/digitalsignature/userassets/mydocuments/237b9e4abfed43464786f75e7c61ba506a110a94//bcbbfa332901052f417265b0b3637d7c.pdf', [...], '6a16d85593a1003cc9037ce4a2bd3b2f8e41c983ee68ef9a9ee72ef1e82bf01c6c4b101e9ec8c9f8b1edc8fd389a28cab63f7c2f7a41794633f591b5831e8524Jl92RhrHxKJ87tvlPeDoZd+nutWIGVfsHH4D51Jv7nCsPduorNZSsFAtsTcxz94OcanZlmsJfQbqtRlhXAxHttjq8NF1OCpobL1KxF/XN8UxoWT4cqrYlGu/z2HVtgxZxJKnngW81y+q9bYCbcV8uaP3M9cioz48ZdV6ht45W2/nRrRcdPCekbKxSej9NY/3vVtZ+is2bJAIhi7xvsG3xDPPvBJHAVYQLsR5gZdS3SSx+PHnY1sf45jPrmewzp6QNhVOPxkw/i3z4bFX', '37a3235a19a98fd3e4bf7b0bcbe74669')
 7 SYSTEMPATH\CodeIgniter.php(934): App\Controllers\Document->processsign()
 8 SYSTEMPATH\CodeIgniter.php(499): CodeIgniter\CodeIgniter->runController(Object(App\Controllers\Document))
 9 SYSTEMPATH\CodeIgniter.php(368): CodeIgniter\CodeIgniter->handleRequest(null, Object(Config\Cache), false)
10 FCPATH\index.php(68): CodeIgniter\CodeIgniter->run()
CRITICAL - 2023-04-14 09:14:49 --> fopen(C:/wamp64/www/digitalsignature/userassets/mydocuments/237b9e4abfed43464786f75e7c61ba506a110a94//bcbbfa332901052f417265b0b3637d7c.pdf): failed to open stream: No such file or directory
in FCPATH\vendor\setasign\fpdi\src\PdfParser\StreamReader.php on line 42.
 1 [internal function]: CodeIgniter\Debug\Exceptions->errorHandler(2, 'fopen(C:/wamp64/www/digitalsignature/userassets/mydocuments/237b9e4abfed43464786f75e7c61ba506a110a94//bcbbfa332901052f417265b0b3637d7c.pdf): failed to open stream: No such file or directory', 'FCPATH\\vendor\\setasign\\fpdi\\src\\PdfParser\\StreamReader.php', 42, [...])
 2 FCPATH\vendor\setasign\fpdi\src\PdfParser\StreamReader.php(42): fopen('C:/wamp64/www/digitalsignature/userassets/mydocuments/237b9e4abfed43464786f75e7c61ba506a110a94//bcbbfa332901052f417265b0b3637d7c.pdf', 'rb')
 3 FCPATH\vendor\setasign\fpdi\src\FpdiTrait.php(174): setasign\Fpdi\PdfParser\StreamReader::createByFile('C:/wamp64/www/digitalsignature/userassets/mydocuments/237b9e4abfed43464786f75e7c61ba506a110a94//bcbbfa332901052f417265b0b3637d7c.pdf')
 4 FCPATH\vendor\setasign\fpdi\src\FpdiTrait.php(213): setasign\Fpdi\Fpdi->getPdfReaderId('C:/wamp64/www/digitalsignature/userassets/mydocuments/237b9e4abfed43464786f75e7c61ba506a110a94//bcbbfa332901052f417265b0b3637d7c.pdf')
 5 APPPATH\Libraries\GeneratePdf.php(30): setasign\Fpdi\Fpdi->setSourceFile('C:/wamp64/www/digitalsignature/userassets/mydocuments/237b9e4abfed43464786f75e7c61ba506a110a94//bcbbfa332901052f417265b0b3637d7c.pdf')
 6 APPPATH\Controllers\Document.php(1085): App\Libraries\GeneratePdf->preparePdf('C:\\wamp64\\www\\digitalsignature', 'C:/wamp64/www/digitalsignature/userassets/mydocuments/237b9e4abfed43464786f75e7c61ba506a110a94//bcbbfa332901052f417265b0b3637d7c.pdf', [...], '424fc48c9a744bc0a5a0a377ac1c09d2477de58051372bc16408d1a03141dd91f736a73457bde2502d7cdbf855be1d6577ea154311ec3e0f124e0f5c192805f8oqcL4xNnue2LZClh+Vo42tZnxqPK/Rj75T47+G3c4jhV+EmYewYPDU+IPDhEG2WGzFQn/Nfte+RcF+lMy9OqcrqqBa8rA2mTjtnd2mT5kOhzDQ/FMnapft/6b4wDv5ppdosK1FWlBVd8uyHkHRz9/dKjFiI4nDuNflLwZkCWvHZ2z3lRQNoVmSQz8fYzcbGisWKIetAoYMfsMR25b4M36sqG5PxsbvN7fgB/umw5i5MBUZ9DJddXR5EoCMX7YIGoG3GZO75566atMaSZ', '37a3235a19a98fd3e4bf7b0bcbe74669')
 7 SYSTEMPATH\CodeIgniter.php(934): App\Controllers\Document->processsign()
 8 SYSTEMPATH\CodeIgniter.php(499): CodeIgniter\CodeIgniter->runController(Object(App\Controllers\Document))
 9 SYSTEMPATH\CodeIgniter.php(368): CodeIgniter\CodeIgniter->handleRequest(null, Object(Config\Cache), false)
10 FCPATH\index.php(68): CodeIgniter\CodeIgniter->run()
CRITICAL - 2023-04-14 09:15:34 --> fopen(C:/wamp64/www/digitalsignature/userassets/mydocuments/237b9e4abfed43464786f75e7c61ba506a110a94//bcbbfa332901052f417265b0b3637d7c.pdf): failed to open stream: No such file or directory
in FCPATH\vendor\setasign\fpdi\src\PdfParser\StreamReader.php on line 42.
 1 [internal function]: CodeIgniter\Debug\Exceptions->errorHandler(2, 'fopen(C:/wamp64/www/digitalsignature/userassets/mydocuments/237b9e4abfed43464786f75e7c61ba506a110a94//bcbbfa332901052f417265b0b3637d7c.pdf): failed to open stream: No such file or directory', 'FCPATH\\vendor\\setasign\\fpdi\\src\\PdfParser\\StreamReader.php', 42, [...])
 2 FCPATH\vendor\setasign\fpdi\src\PdfParser\StreamReader.php(42): fopen('C:/wamp64/www/digitalsignature/userassets/mydocuments/237b9e4abfed43464786f75e7c61ba506a110a94//bcbbfa332901052f417265b0b3637d7c.pdf', 'rb')
 3 FCPATH\vendor\setasign\fpdi\src\FpdiTrait.php(174): setasign\Fpdi\PdfParser\StreamReader::createByFile('C:/wamp64/www/digitalsignature/userassets/mydocuments/237b9e4abfed43464786f75e7c61ba506a110a94//bcbbfa332901052f417265b0b3637d7c.pdf')
 4 FCPATH\vendor\setasign\fpdi\src\FpdiTrait.php(213): setasign\Fpdi\Fpdi->getPdfReaderId('C:/wamp64/www/digitalsignature/userassets/mydocuments/237b9e4abfed43464786f75e7c61ba506a110a94//bcbbfa332901052f417265b0b3637d7c.pdf')
 5 APPPATH\Libraries\GeneratePdf.php(30): setasign\Fpdi\Fpdi->setSourceFile('C:/wamp64/www/digitalsignature/userassets/mydocuments/237b9e4abfed43464786f75e7c61ba506a110a94//bcbbfa332901052f417265b0b3637d7c.pdf')
 6 APPPATH\Controllers\Document.php(1085): App\Libraries\GeneratePdf->preparePdf('C:\\wamp64\\www\\digitalsignature', 'C:/wamp64/www/digitalsignature/userassets/mydocuments/237b9e4abfed43464786f75e7c61ba506a110a94//bcbbfa332901052f417265b0b3637d7c.pdf', [...], '3060ba82bc59e2284de48984b859a09370e7e19bdd4bbbf35d75cdd2eb2f4fa210fc8a4c63412c7f88b0d265766b93c81579d561593c71f7f502141949ad1e1dfW8uXuDb7wHj8/L8G1TOYP9XgrYigHEUJh81QPpZRvN8Nii97SWEm0ocP8az8A9iHquS0Cu40ioOD0EC3JlZRlise2XL2/Byo4T0M6LfvXYlZF1K15Go/Zup25l616Lxi/vF5kXVaWIw6oGgGWgILNNzxrrlkW14JV6z/s0czVRYiy1UGfsGnL7b+qh7gJg4s8LEsF6ZuPoTfRrLnG7q3EjFO17LscrJ7VFkIXcDZcavmKrSeAs1mwrqlz3mHuJOdpfuOU6OwAWW8R+e', '37a3235a19a98fd3e4bf7b0bcbe74669')
 7 SYSTEMPATH\CodeIgniter.php(934): App\Controllers\Document->processsign()
 8 SYSTEMPATH\CodeIgniter.php(499): CodeIgniter\CodeIgniter->runController(Object(App\Controllers\Document))
 9 SYSTEMPATH\CodeIgniter.php(368): CodeIgniter\CodeIgniter->handleRequest(null, Object(Config\Cache), false)
10 FCPATH\index.php(68): CodeIgniter\CodeIgniter->run()
CRITICAL - 2023-04-14 09:19:15 --> fopen(C:/wamp64/www/digitalsignature/userassets/mydocuments/237b9e4abfed43464786f75e7c61ba506a110a94//bcbbfa332901052f417265b0b3637d7c.pdf): failed to open stream: No such file or directory
in FCPATH\vendor\setasign\fpdi\src\PdfParser\StreamReader.php on line 42.
 1 [internal function]: CodeIgniter\Debug\Exceptions->errorHandler(2, 'fopen(C:/wamp64/www/digitalsignature/userassets/mydocuments/237b9e4abfed43464786f75e7c61ba506a110a94//bcbbfa332901052f417265b0b3637d7c.pdf): failed to open stream: No such file or directory', 'FCPATH\\vendor\\setasign\\fpdi\\src\\PdfParser\\StreamReader.php', 42, [...])
 2 FCPATH\vendor\setasign\fpdi\src\PdfParser\StreamReader.php(42): fopen('C:/wamp64/www/digitalsignature/userassets/mydocuments/237b9e4abfed43464786f75e7c61ba506a110a94//bcbbfa332901052f417265b0b3637d7c.pdf', 'rb')
 3 FCPATH\vendor\setasign\fpdi\src\FpdiTrait.php(174): setasign\Fpdi\PdfParser\StreamReader::createByFile('C:/wamp64/www/digitalsignature/userassets/mydocuments/237b9e4abfed43464786f75e7c61ba506a110a94//bcbbfa332901052f417265b0b3637d7c.pdf')
 4 FCPATH\vendor\setasign\fpdi\src\FpdiTrait.php(213): setasign\Fpdi\Fpdi->getPdfReaderId('C:/wamp64/www/digitalsignature/userassets/mydocuments/237b9e4abfed43464786f75e7c61ba506a110a94//bcbbfa332901052f417265b0b3637d7c.pdf')
 5 APPPATH\Libraries\GeneratePdf.php(30): setasign\Fpdi\Fpdi->setSourceFile('C:/wamp64/www/digitalsignature/userassets/mydocuments/237b9e4abfed43464786f75e7c61ba506a110a94//bcbbfa332901052f417265b0b3637d7c.pdf')
 6 APPPATH\Controllers\Document.php(1085): App\Libraries\GeneratePdf->preparePdf('C:\\wamp64\\www\\digitalsignature', 'C:/wamp64/www/digitalsignature/userassets/mydocuments/237b9e4abfed43464786f75e7c61ba506a110a94//bcbbfa332901052f417265b0b3637d7c.pdf', [...], '500306d9fabea2351d3117ef69c4ad17ed46bad7f65d76d38742f71230a11bda1ed4535154a73f86ef44e7b25fc0bf37ef35422bc462779d16caf4734bf48df6Sg7d+AOM0Id5itw502BByNQJDYs14okP5OpiVehy3W8l8DUlmBQbD9lZpHHuT2SKhKN/iTiSMIBjnvelPw+XFn7nt9MpZd3Lm3BfEjbRpQCoQiQsNS/RHme3d6i13es/4HZdWLZM+yzyb3B6eduOu67ENVTmsBxBiDqsAmA982U4m/N9UnlgYk2QLjRgN5bQyWGRGb9TZ/1tzmm8xJgOQj4tXJiBKyS99F4O0ottycEXbXiXVjUB3pei9hJza0Z3o1QDR261QY/BoCtV', '37a3235a19a98fd3e4bf7b0bcbe74669')
 7 SYSTEMPATH\CodeIgniter.php(934): App\Controllers\Document->processsign()
 8 SYSTEMPATH\CodeIgniter.php(499): CodeIgniter\CodeIgniter->runController(Object(App\Controllers\Document))
 9 SYSTEMPATH\CodeIgniter.php(368): CodeIgniter\CodeIgniter->handleRequest(null, Object(Config\Cache), false)
10 FCPATH\index.php(68): CodeIgniter\CodeIgniter->run()
CRITICAL - 2023-04-14 12:06:44 --> syntax error, unexpected 'echo' (T_ECHO)
in APPPATH\Controllers\Document.php on line 1220.
 1 SYSTEMPATH\Autoloader\Autoloader.php(289): CodeIgniter\Autoloader\Autoloader->includeFile('APPPATH\\Controllers\\Document.php')
 2 SYSTEMPATH\Autoloader\Autoloader.php(267): CodeIgniter\Autoloader\Autoloader->loadInNamespace('App\\Controllers\\Document')
 3 [internal function]: CodeIgniter\Autoloader\Autoloader->loadClass('App\\Controllers\\Document')
 4 [internal function]: spl_autoload_call('App\\Controllers\\Document')
 5 SYSTEMPATH\CodeIgniter.php(892): class_exists('\\App\\Controllers\\Document', true)
 6 SYSTEMPATH\CodeIgniter.php(486): CodeIgniter\CodeIgniter->startController()
 7 SYSTEMPATH\CodeIgniter.php(368): CodeIgniter\CodeIgniter->handleRequest(null, Object(Config\Cache), false)
 8 FCPATH\index.php(68): CodeIgniter\CodeIgniter->run()
CRITICAL - 2023-04-14 12:27:13 --> implode(): Invalid arguments passed
in APPPATH\Models\Document_Model.php on line 343.
 1 [internal function]: CodeIgniter\Debug\Exceptions->errorHandler(2, 'implode(): Invalid arguments passed', 'APPPATH\\Models\\Document_Model.php', 343, [...])
 2 APPPATH\Models\Document_Model.php(343): implode(',', '1681383149860299')
 3 APPPATH\Controllers\Document.php(1223): App\Models\Document_Model->getMyDocuments('1673874254153097', 0)
 4 SYSTEMPATH\CodeIgniter.php(934): App\Controllers\Document->dashboard()
 5 SYSTEMPATH\CodeIgniter.php(499): CodeIgniter\CodeIgniter->runController(Object(App\Controllers\Document))
 6 SYSTEMPATH\CodeIgniter.php(368): CodeIgniter\CodeIgniter->handleRequest(null, Object(Config\Cache), false)
 7 FCPATH\index.php(68): CodeIgniter\CodeIgniter->run()
