CRITICAL - 2023-01-17 05:15:19 --> syntax error, unexpected 'else' (T_ELSE)
in APPPATH\Controllers\Admin.php on line 125.
 1 SYSTEMPATH\Autoloader\Autoloader.php(289): CodeIgniter\Autoloader\Autoloader->includeFile('APPPATH\\Controllers\\Admin.php')
 2 SYSTEMPATH\Autoloader\Autoloader.php(267): CodeIgniter\Autoloader\Autoloader->loadInNamespace('App\\Controllers\\Admin')
 3 [internal function]: CodeIgniter\Autoloader\Autoloader->loadClass('App\\Controllers\\Admin')
 4 [internal function]: spl_autoload_call('App\\Controllers\\Admin')
 5 SYSTEMPATH\CodeIgniter.php(892): class_exists('\\App\\Controllers\\Admin', true)
 6 SYSTEMPATH\CodeIgniter.php(486): CodeIgniter\CodeIgniter->startController()
 7 SYSTEMPATH\CodeIgniter.php(368): CodeIgniter\CodeIgniter->handleRequest(null, Object(Config\Cache), false)
 8 FCPATH\index.php(68): CodeIgniter\CodeIgniter->run()
ERROR - 2023-01-17 05:24:42 --> mysqli_sql_exception: You have an error in your SQL syntax; check the manual that corresponds to your MySQL server version for the right syntax to use near 'AND `email` = 'dinesh@example.com'' at line 1 in C:\wamp64\www\digitalsignature\system\Database\MySQLi\Connection.php:295
Stack trace:
#0 C:\wamp64\www\digitalsignature\system\Database\MySQLi\Connection.php(295): mysqli->query('UPDATE `users` ...', 0)
#1 C:\wamp64\www\digitalsignature\system\Database\BaseConnection.php(691): CodeIgniter\Database\MySQLi\Connection->execute('UPDATE `users` ...')
#2 C:\wamp64\www\digitalsignature\system\Database\BaseConnection.php(605): CodeIgniter\Database\BaseConnection->simpleQuery('UPDATE `users` ...')
#3 C:\wamp64\www\digitalsignature\app\Models\Admin_Model.php(75): CodeIgniter\Database\BaseConnection->query('UPDATE `users` ...')
#4 C:\wamp64\www\digitalsignature\app\Controllers\Admin.php(118): App\Models\Admin_Model->accountverify(Array)
#5 C:\wamp64\www\digitalsignature\system\CodeIgniter.php(934): App\Controllers\Admin->accountverify()
#6 C:\wamp64\www\digitalsignature\system\CodeIgniter.php(499): CodeIgniter\CodeIgniter->runController(Object(App\Controllers\Admin))
#7 C:\wamp64\www\digitalsignature\system\CodeIgniter.php(368): CodeIgniter\CodeIgniter->handleRequest(NULL, Object(Config\Cache), false)
#8 C:\wamp64\www\digitalsignature\index.php(68): CodeIgniter\CodeIgniter->run()
#9 {main}
CRITICAL - 2023-01-17 05:24:42 --> Call to a member function getResultArray() on bool
in APPPATH\Models\Admin_Model.php on line 76.
 1 APPPATH\Controllers\Admin.php(118): App\Models\Admin_Model->accountverify([...])
 2 SYSTEMPATH\CodeIgniter.php(934): App\Controllers\Admin->accountverify()
 3 SYSTEMPATH\CodeIgniter.php(499): CodeIgniter\CodeIgniter->runController(Object(App\Controllers\Admin))
 4 SYSTEMPATH\CodeIgniter.php(368): CodeIgniter\CodeIgniter->handleRequest(null, Object(Config\Cache), false)
 5 FCPATH\index.php(68): CodeIgniter\CodeIgniter->run()
ERROR - 2023-01-17 05:25:23 --> mysqli_sql_exception: You have an error in your SQL syntax; check the manual that corresponds to your MySQL server version for the right syntax to use near 'AND `email` = 'dinesh@example.com'' at line 1 in C:\wamp64\www\digitalsignature\system\Database\MySQLi\Connection.php:295
Stack trace:
#0 C:\wamp64\www\digitalsignature\system\Database\MySQLi\Connection.php(295): mysqli->query('UPDATE `users` ...', 0)
#1 C:\wamp64\www\digitalsignature\system\Database\BaseConnection.php(691): CodeIgniter\Database\MySQLi\Connection->execute('UPDATE `users` ...')
#2 C:\wamp64\www\digitalsignature\system\Database\BaseConnection.php(605): CodeIgniter\Database\BaseConnection->simpleQuery('UPDATE `users` ...')
#3 C:\wamp64\www\digitalsignature\app\Models\Admin_Model.php(75): CodeIgniter\Database\BaseConnection->query('UPDATE `users` ...')
#4 C:\wamp64\www\digitalsignature\app\Controllers\Admin.php(118): App\Models\Admin_Model->accountverify(Array)
#5 C:\wamp64\www\digitalsignature\system\CodeIgniter.php(934): App\Controllers\Admin->accountverify()
#6 C:\wamp64\www\digitalsignature\system\CodeIgniter.php(499): CodeIgniter\CodeIgniter->runController(Object(App\Controllers\Admin))
#7 C:\wamp64\www\digitalsignature\system\CodeIgniter.php(368): CodeIgniter\CodeIgniter->handleRequest(NULL, Object(Config\Cache), false)
#8 C:\wamp64\www\digitalsignature\index.php(68): CodeIgniter\CodeIgniter->run()
#9 {main}
CRITICAL - 2023-01-17 05:25:23 --> Call to a member function getResultArray() on bool
in APPPATH\Models\Admin_Model.php on line 76.
 1 APPPATH\Controllers\Admin.php(118): App\Models\Admin_Model->accountverify([...])
 2 SYSTEMPATH\CodeIgniter.php(934): App\Controllers\Admin->accountverify()
 3 SYSTEMPATH\CodeIgniter.php(499): CodeIgniter\CodeIgniter->runController(Object(App\Controllers\Admin))
 4 SYSTEMPATH\CodeIgniter.php(368): CodeIgniter\CodeIgniter->handleRequest(null, Object(Config\Cache), false)
 5 FCPATH\index.php(68): CodeIgniter\CodeIgniter->run()
CRITICAL - 2023-01-17 05:29:42 --> Call to undefined method CodeIgniter\Database\MySQLi\Result::getResultRow()
in APPPATH\Models\Admin_Model.php on line 66.
 1 APPPATH\Controllers\Admin.php(118): App\Models\Admin_Model->accountverify([...])
 2 SYSTEMPATH\CodeIgniter.php(934): App\Controllers\Admin->accountverify()
 3 SYSTEMPATH\CodeIgniter.php(499): CodeIgniter\CodeIgniter->runController(Object(App\Controllers\Admin))
 4 SYSTEMPATH\CodeIgniter.php(368): CodeIgniter\CodeIgniter->handleRequest(null, Object(Config\Cache), false)
 5 FCPATH\index.php(68): CodeIgniter\CodeIgniter->run()
CRITICAL - 2023-01-17 05:32:27 --> Call to a member function getRowArray() on bool
in APPPATH\Models\Admin_Model.php on line 77.
 1 APPPATH\Controllers\Admin.php(118): App\Models\Admin_Model->accountverify([...])
 2 SYSTEMPATH\CodeIgniter.php(934): App\Controllers\Admin->accountverify()
 3 SYSTEMPATH\CodeIgniter.php(499): CodeIgniter\CodeIgniter->runController(Object(App\Controllers\Admin))
 4 SYSTEMPATH\CodeIgniter.php(368): CodeIgniter\CodeIgniter->handleRequest(null, Object(Config\Cache), false)
 5 FCPATH\index.php(68): CodeIgniter\CodeIgniter->run()
CRITICAL - 2023-01-17 05:47:12 --> Call to undefined method App\Controllers\Document::session()
in APPPATH\Controllers\Document.php on line 23.
 1 SYSTEMPATH\CodeIgniter.php(934): App\Controllers\Document->upload()
 2 SYSTEMPATH\CodeIgniter.php(499): CodeIgniter\CodeIgniter->runController(Object(App\Controllers\Document))
 3 SYSTEMPATH\CodeIgniter.php(368): CodeIgniter\CodeIgniter->handleRequest(null, Object(Config\Cache), false)
 4 FCPATH\index.php(68): CodeIgniter\CodeIgniter->run()
