CRITICAL - 2023-04-04 06:40:24 --> Invalid argument supplied for foreach()
in APPPATH\Views\emailtemplates\DocuSingOTP_Template.php on line 290.
 1 APPPATH\Views\emailtemplates\DocuSingOTP_Template.php(290): CodeIgniter\Debug\Exceptions->errorHandler(2, 'Invalid argument supplied for foreach()', 'APPPATH\\Views\\emailtemplates\\DocuSingOTP_Template.php', 290, [...])
 2 SYSTEMPATH\View\View.php(213): include('APPPATH\\Views\\emailtemplates\\DocuSingOTP_Template.php')
 3 SYSTEMPATH\View\View.php(216): CodeIgniter\View\View->CodeIgniter\View\{closure}()
 4 SYSTEMPATH\Common.php(1177): CodeIgniter\View\View->render('emailtemplates/DocuSingOTP_Template', [], true)
 5 APPPATH\Controllers\Emailengine.php(167): view('emailtemplates/DocuSingOTP_Template', [...])
 6 SYSTEMPATH\CodeIgniter.php(934): App\Controllers\Emailengine->sendOtpEmail([...])
 7 SYSTEMPATH\CodeIgniter.php(499): CodeIgniter\CodeIgniter->runController(Object(App\Controllers\Emailengine))
 8 SYSTEMPATH\CodeIgniter.php(368): CodeIgniter\CodeIgniter->handleRequest(null, Object(Config\Cache), false)
 9 FCPATH\index.php(68): CodeIgniter\CodeIgniter->run()
CRITICAL - 2023-04-04 06:42:36 --> Invalid argument supplied for foreach()
in APPPATH\Views\emailtemplates\DocuSingOTP_Template.php on line 290.
 1 APPPATH\Views\emailtemplates\DocuSingOTP_Template.php(290): CodeIgniter\Debug\Exceptions->errorHandler(2, 'Invalid argument supplied for foreach()', 'APPPATH\\Views\\emailtemplates\\DocuSingOTP_Template.php', 290, [...])
 2 SYSTEMPATH\View\View.php(213): include('APPPATH\\Views\\emailtemplates\\DocuSingOTP_Template.php')
 3 SYSTEMPATH\View\View.php(216): CodeIgniter\View\View->CodeIgniter\View\{closure}()
 4 SYSTEMPATH\Common.php(1177): CodeIgniter\View\View->render('emailtemplates/DocuSingOTP_Template', [], true)
 5 APPPATH\Controllers\Emailengine.php(167): view('emailtemplates/DocuSingOTP_Template', [...])
 6 SYSTEMPATH\CodeIgniter.php(934): App\Controllers\Emailengine->sendOtpEmail([...])
 7 SYSTEMPATH\CodeIgniter.php(499): CodeIgniter\CodeIgniter->runController(Object(App\Controllers\Emailengine))
 8 SYSTEMPATH\CodeIgniter.php(368): CodeIgniter\CodeIgniter->handleRequest(null, Object(Config\Cache), false)
 9 FCPATH\index.php(68): CodeIgniter\CodeIgniter->run()
CRITICAL - 2023-04-04 06:43:23 --> Invalid argument supplied for foreach()
in APPPATH\Views\emailtemplates\DocuSingOTP_Template.php on line 290.
 1 APPPATH\Views\emailtemplates\DocuSingOTP_Template.php(290): CodeIgniter\Debug\Exceptions->errorHandler(2, 'Invalid argument supplied for foreach()', 'APPPATH\\Views\\emailtemplates\\DocuSingOTP_Template.php', 290, [...])
 2 SYSTEMPATH\View\View.php(213): include('APPPATH\\Views\\emailtemplates\\DocuSingOTP_Template.php')
 3 SYSTEMPATH\View\View.php(216): CodeIgniter\View\View->CodeIgniter\View\{closure}()
 4 SYSTEMPATH\Common.php(1177): CodeIgniter\View\View->render('emailtemplates/DocuSingOTP_Template', [], true)
 5 APPPATH\Controllers\Emailengine.php(167): view('emailtemplates/DocuSingOTP_Template', [...])
 6 SYSTEMPATH\CodeIgniter.php(934): App\Controllers\Emailengine->sendOtpEmail([...])
 7 SYSTEMPATH\CodeIgniter.php(499): CodeIgniter\CodeIgniter->runController(Object(App\Controllers\Emailengine))
 8 SYSTEMPATH\CodeIgniter.php(368): CodeIgniter\CodeIgniter->handleRequest(null, Object(Config\Cache), false)
 9 FCPATH\index.php(68): CodeIgniter\CodeIgniter->run()
CRITICAL - 2023-04-04 10:56:04 --> Invalid argument supplied for foreach()
in APPPATH\Views\emailtemplates\DocuSingColl_Template.php on line 290.
 1 APPPATH\Views\emailtemplates\DocuSingColl_Template.php(290): CodeIgniter\Debug\Exceptions->errorHandler(2, 'Invalid argument supplied for foreach()', 'APPPATH\\Views\\emailtemplates\\DocuSingColl_Template.php', 290, [...])
 2 SYSTEMPATH\View\View.php(213): include('APPPATH\\Views\\emailtemplates\\DocuSingColl_Template.php')
 3 SYSTEMPATH\View\View.php(216): CodeIgniter\View\View->CodeIgniter\View\{closure}()
 4 SYSTEMPATH\Common.php(1177): CodeIgniter\View\View->render('emailtemplates/DocuSingColl_Template', [], true)
 5 APPPATH\Controllers\Emailengine.php(106): view('emailtemplates/DocuSingColl_Template', [...])
 6 SYSTEMPATH\CodeIgniter.php(934): App\Controllers\Emailengine->sendDocuSingColl('d4417524f1aaddbbdde6c3e01b2a87af')
 7 SYSTEMPATH\CodeIgniter.php(499): CodeIgniter\CodeIgniter->runController(Object(App\Controllers\Emailengine))
 8 SYSTEMPATH\CodeIgniter.php(368): CodeIgniter\CodeIgniter->handleRequest(null, Object(Config\Cache), false)
 9 FCPATH\index.php(68): CodeIgniter\CodeIgniter->run()
CRITICAL - 2023-04-04 10:57:37 --> You must set the database table to be used with your query.
in SYSTEMPATH\Database\BaseConnection.php on line 882.
 1 SYSTEMPATH\Model.php(640): CodeIgniter\Database\BaseConnection->table(null)
 2 SYSTEMPATH\Model.php(830): CodeIgniter\Model->builder()
 3 APPPATH\Controllers\Emailengine.php(126): CodeIgniter\Model->__call('updateEmailSentDateTime', [...])
 4 SYSTEMPATH\CodeIgniter.php(934): App\Controllers\Emailengine->sendDocuSingColl('d4417524f1aaddbbdde6c3e01b2a87af')
 5 SYSTEMPATH\CodeIgniter.php(499): CodeIgniter\CodeIgniter->runController(Object(App\Controllers\Emailengine))
 6 SYSTEMPATH\CodeIgniter.php(368): CodeIgniter\CodeIgniter->handleRequest(null, Object(Config\Cache), false)
 7 FCPATH\index.php(68): CodeIgniter\CodeIgniter->run()
CRITICAL - 2023-04-04 11:24:53 --> syntax error, unexpected '>'
in APPPATH\Controllers\Document.php on line 40.
 1 SYSTEMPATH\Autoloader\Autoloader.php(289): CodeIgniter\Autoloader\Autoloader->includeFile('APPPATH\\Controllers\\Document.php')
 2 SYSTEMPATH\Autoloader\Autoloader.php(267): CodeIgniter\Autoloader\Autoloader->loadInNamespace('App\\Controllers\\Document')
 3 [internal function]: CodeIgniter\Autoloader\Autoloader->loadClass('App\\Controllers\\Document')
 4 [internal function]: spl_autoload_call('App\\Controllers\\Document')
 5 SYSTEMPATH\CodeIgniter.php(892): class_exists('\\App\\Controllers\\Document', true)
 6 SYSTEMPATH\CodeIgniter.php(486): CodeIgniter\CodeIgniter->startController()
 7 SYSTEMPATH\CodeIgniter.php(368): CodeIgniter\CodeIgniter->handleRequest(null, Object(Config\Cache), false)
 8 FCPATH\index.php(68): CodeIgniter\CodeIgniter->run()
