CRITICAL - 2023-01-10 11:17:59 --> include(admin/header.php): failed to open stream: No such file or directory
in APPPATH\Views\admin\documentprepare.php on line 1.
 1 APPPATH\Views\admin\documentprepare.php(1): CodeIgniter\Debug\Exceptions->errorHandler(2, 'include(admin/header.php): failed to open stream: No such file or directory', 'APPPATH\\Views\\admin\\documentprepare.php', 1, [...])
 2 APPPATH\Views\admin\documentprepare.php(1): include()
 3 SYSTEMPATH\View\View.php(213): include('APPPATH\\Views\\admin\\documentprepare.php')
 4 SYSTEMPATH\View\View.php(216): CodeIgniter\View\View->CodeIgniter\View\{closure}()
 5 SYSTEMPATH\Common.php(1177): CodeIgniter\View\View->render('admin/documentprepare', [], true)
 6 APPPATH\Controllers\Document.php(13): view('admin/documentprepare', [...])
 7 SYSTEMPATH\CodeIgniter.php(934): App\Controllers\Document->prepare()
 8 SYSTEMPATH\CodeIgniter.php(499): CodeIgniter\CodeIgniter->runController(Object(App\Controllers\Document))
 9 SYSTEMPATH\CodeIgniter.php(368): CodeIgniter\CodeIgniter->handleRequest(null, Object(Config\Cache), false)
10 FCPATH\index.php(68): CodeIgniter\CodeIgniter->run()
CRITICAL - 2023-01-10 11:22:51 --> include(admin/header.php): failed to open stream: No such file or directory
in APPPATH\Views\admin\documentprepare.php on line 1.
 1 APPPATH\Views\admin\documentprepare.php(1): CodeIgniter\Debug\Exceptions->errorHandler(2, 'include(admin/header.php): failed to open stream: No such file or directory', 'APPPATH\\Views\\admin\\documentprepare.php', 1, [...])
 2 APPPATH\Views\admin\documentprepare.php(1): include()
 3 SYSTEMPATH\View\View.php(213): include('APPPATH\\Views\\admin\\documentprepare.php')
 4 SYSTEMPATH\View\View.php(216): CodeIgniter\View\View->CodeIgniter\View\{closure}()
 5 SYSTEMPATH\Common.php(1177): CodeIgniter\View\View->render('admin/documentprepare', [], true)
 6 APPPATH\Controllers\Document.php(13): view('admin/documentprepare', [...])
 7 SYSTEMPATH\CodeIgniter.php(934): App\Controllers\Document->prepare()
 8 SYSTEMPATH\CodeIgniter.php(499): CodeIgniter\CodeIgniter->runController(Object(App\Controllers\Document))
 9 SYSTEMPATH\CodeIgniter.php(368): CodeIgniter\CodeIgniter->handleRequest(null, Object(Config\Cache), false)
10 FCPATH\index.php(68): CodeIgniter\CodeIgniter->run()
CRITICAL - 2023-01-10 11:23:05 --> include(admin/header.php): failed to open stream: No such file or directory
in APPPATH\Views\admin\documentprepare.php on line 1.
 1 APPPATH\Views\admin\documentprepare.php(1): CodeIgniter\Debug\Exceptions->errorHandler(2, 'include(admin/header.php): failed to open stream: No such file or directory', 'APPPATH\\Views\\admin\\documentprepare.php', 1, [...])
 2 APPPATH\Views\admin\documentprepare.php(1): include()
 3 SYSTEMPATH\View\View.php(213): include('APPPATH\\Views\\admin\\documentprepare.php')
 4 SYSTEMPATH\View\View.php(216): CodeIgniter\View\View->CodeIgniter\View\{closure}()
 5 SYSTEMPATH\Common.php(1177): CodeIgniter\View\View->render('admin/documentprepare', [], true)
 6 APPPATH\Controllers\Document.php(13): view('admin/documentprepare', [...])
 7 SYSTEMPATH\CodeIgniter.php(934): App\Controllers\Document->prepare()
 8 SYSTEMPATH\CodeIgniter.php(499): CodeIgniter\CodeIgniter->runController(Object(App\Controllers\Document))
 9 SYSTEMPATH\CodeIgniter.php(368): CodeIgniter\CodeIgniter->handleRequest(null, Object(Config\Cache), false)
10 FCPATH\index.php(68): CodeIgniter\CodeIgniter->run()
CRITICAL - 2023-01-10 12:13:44 --> include(admin/header.php): failed to open stream: No such file or directory
in APPPATH\Views\admin\documentprepare.php on line 1.
 1 APPPATH\Views\admin\documentprepare.php(1): CodeIgniter\Debug\Exceptions->errorHandler(2, 'include(admin/header.php): failed to open stream: No such file or directory', 'APPPATH\\Views\\admin\\documentprepare.php', 1, [...])
 2 APPPATH\Views\admin\documentprepare.php(1): include()
 3 SYSTEMPATH\View\View.php(213): include('APPPATH\\Views\\admin\\documentprepare.php')
 4 SYSTEMPATH\View\View.php(216): CodeIgniter\View\View->CodeIgniter\View\{closure}()
 5 SYSTEMPATH\Common.php(1177): CodeIgniter\View\View->render('admin/documentprepare', [], true)
 6 APPPATH\Controllers\Document.php(18): view('admin/documentprepare', [...])
 7 SYSTEMPATH\CodeIgniter.php(934): App\Controllers\Document->prepare()
 8 SYSTEMPATH\CodeIgniter.php(499): CodeIgniter\CodeIgniter->runController(Object(App\Controllers\Document))
 9 SYSTEMPATH\CodeIgniter.php(368): CodeIgniter\CodeIgniter->handleRequest(null, Object(Config\Cache), false)
10 FCPATH\index.php(68): CodeIgniter\CodeIgniter->run()
CRITICAL - 2023-01-10 12:14:45 --> include(admin/header.php): failed to open stream: No such file or directory
in APPPATH\Views\admin\documentprepare.php on line 1.
 1 APPPATH\Views\admin\documentprepare.php(1): CodeIgniter\Debug\Exceptions->errorHandler(2, 'include(admin/header.php): failed to open stream: No such file or directory', 'APPPATH\\Views\\admin\\documentprepare.php', 1, [...])
 2 APPPATH\Views\admin\documentprepare.php(1): include()
 3 SYSTEMPATH\View\View.php(213): include('APPPATH\\Views\\admin\\documentprepare.php')
 4 SYSTEMPATH\View\View.php(216): CodeIgniter\View\View->CodeIgniter\View\{closure}()
 5 SYSTEMPATH\Common.php(1177): CodeIgniter\View\View->render('admin/documentprepare', [], true)
 6 APPPATH\Controllers\Document.php(18): view('admin/documentprepare', [...])
 7 SYSTEMPATH\CodeIgniter.php(934): App\Controllers\Document->prepare()
 8 SYSTEMPATH\CodeIgniter.php(499): CodeIgniter\CodeIgniter->runController(Object(App\Controllers\Document))
 9 SYSTEMPATH\CodeIgniter.php(368): CodeIgniter\CodeIgniter->handleRequest(null, Object(Config\Cache), false)
10 FCPATH\index.php(68): CodeIgniter\CodeIgniter->run()
CRITICAL - 2023-01-10 12:14:48 --> include(admin/header.php): failed to open stream: No such file or directory
in APPPATH\Views\admin\documentprepare.php on line 1.
 1 APPPATH\Views\admin\documentprepare.php(1): CodeIgniter\Debug\Exceptions->errorHandler(2, 'include(admin/header.php): failed to open stream: No such file or directory', 'APPPATH\\Views\\admin\\documentprepare.php', 1, [...])
 2 APPPATH\Views\admin\documentprepare.php(1): include()
 3 SYSTEMPATH\View\View.php(213): include('APPPATH\\Views\\admin\\documentprepare.php')
 4 SYSTEMPATH\View\View.php(216): CodeIgniter\View\View->CodeIgniter\View\{closure}()
 5 SYSTEMPATH\Common.php(1177): CodeIgniter\View\View->render('admin/documentprepare', [], true)
 6 APPPATH\Controllers\Document.php(18): view('admin/documentprepare', [...])
 7 SYSTEMPATH\CodeIgniter.php(934): App\Controllers\Document->prepare()
 8 SYSTEMPATH\CodeIgniter.php(499): CodeIgniter\CodeIgniter->runController(Object(App\Controllers\Document))
 9 SYSTEMPATH\CodeIgniter.php(368): CodeIgniter\CodeIgniter->handleRequest(null, Object(Config\Cache), false)
10 FCPATH\index.php(68): CodeIgniter\CodeIgniter->run()
