ERROR - 2023-04-12 07:52:53 --> mysqli_sql_exception: Column 'alertOneDyBfrExp' cannot be null in C:\wamp64\www\digitalsignature\system\Database\MySQLi\Connection.php:295
Stack trace:
#0 C:\wamp64\www\digitalsignature\system\Database\MySQLi\Connection.php(295): mysqli->query('INSERT INTO `e_...', 0)
#1 C:\wamp64\www\digitalsignature\system\Database\BaseConnection.php(691): CodeIgniter\Database\MySQLi\Connection->execute('INSERT INTO `e_...')
#2 C:\wamp64\www\digitalsignature\system\Database\BaseConnection.php(605): CodeIgniter\Database\BaseConnection->simpleQuery('INSERT INTO `e_...')
#3 C:\wamp64\www\digitalsignature\system\Database\BaseBuilder.php(2294): CodeIgniter\Database\BaseConnection->query('INSERT INTO `e_...', Array, false)
#4 C:\wamp64\www\digitalsignature\app\Models\Document_Model.php(23): CodeIgniter\Database\BaseBuilder->insert(Array)
#5 C:\wamp64\www\digitalsignature\app\Controllers\Document.php(163): App\Models\Document_Model->InsertToDB(Array)
#6 C:\wamp64\www\digitalsignature\system\CodeIgniter.php(934): App\Controllers\Document->fileupload()
#7 C:\wamp64\www\digitalsignature\system\CodeIgniter.php(499): CodeIgniter\CodeIgniter->runController(Object(App\Controllers\Document))
#8 C:\wamp64\www\digitalsignature\system\CodeIgniter.php(368): CodeIgniter\CodeIgniter->handleRequest(NULL, Object(Config\Cache), false)
#9 C:\wamp64\www\digitalsignature\index.php(68): CodeIgniter\CodeIgniter->run()
#10 {main}
ERROR - 2023-04-12 07:53:41 --> mysqli_sql_exception: Column 'alertOneDyBfrExp' cannot be null in C:\wamp64\www\digitalsignature\system\Database\MySQLi\Connection.php:295
Stack trace:
#0 C:\wamp64\www\digitalsignature\system\Database\MySQLi\Connection.php(295): mysqli->query('INSERT INTO `e_...', 0)
#1 C:\wamp64\www\digitalsignature\system\Database\BaseConnection.php(691): CodeIgniter\Database\MySQLi\Connection->execute('INSERT INTO `e_...')
#2 C:\wamp64\www\digitalsignature\system\Database\BaseConnection.php(605): CodeIgniter\Database\BaseConnection->simpleQuery('INSERT INTO `e_...')
#3 C:\wamp64\www\digitalsignature\system\Database\BaseBuilder.php(2294): CodeIgniter\Database\BaseConnection->query('INSERT INTO `e_...', Array, false)
#4 C:\wamp64\www\digitalsignature\app\Models\Document_Model.php(23): CodeIgniter\Database\BaseBuilder->insert(Array)
#5 C:\wamp64\www\digitalsignature\app\Controllers\Document.php(163): App\Models\Document_Model->InsertToDB(Array)
#6 C:\wamp64\www\digitalsignature\system\CodeIgniter.php(934): App\Controllers\Document->fileupload()
#7 C:\wamp64\www\digitalsignature\system\CodeIgniter.php(499): CodeIgniter\CodeIgniter->runController(Object(App\Controllers\Document))
#8 C:\wamp64\www\digitalsignature\system\CodeIgniter.php(368): CodeIgniter\CodeIgniter->handleRequest(NULL, Object(Config\Cache), false)
#9 C:\wamp64\www\digitalsignature\index.php(68): CodeIgniter\CodeIgniter->run()
#10 {main}
ERROR - 2023-04-12 08:02:52 --> mysqli_sql_exception: Column 'alertOneDyBfrExp' cannot be null in C:\wamp64\www\digitalsignature\system\Database\MySQLi\Connection.php:295
Stack trace:
#0 C:\wamp64\www\digitalsignature\system\Database\MySQLi\Connection.php(295): mysqli->query('INSERT INTO `e_...', 0)
#1 C:\wamp64\www\digitalsignature\system\Database\BaseConnection.php(691): CodeIgniter\Database\MySQLi\Connection->execute('INSERT INTO `e_...')
#2 C:\wamp64\www\digitalsignature\system\Database\BaseConnection.php(605): CodeIgniter\Database\BaseConnection->simpleQuery('INSERT INTO `e_...')
#3 C:\wamp64\www\digitalsignature\system\Database\BaseBuilder.php(2294): CodeIgniter\Database\BaseConnection->query('INSERT INTO `e_...', Array, false)
#4 C:\wamp64\www\digitalsignature\app\Models\Document_Model.php(23): CodeIgniter\Database\BaseBuilder->insert(Array)
#5 C:\wamp64\www\digitalsignature\app\Controllers\Document.php(164): App\Models\Document_Model->InsertToDB(Array)
#6 C:\wamp64\www\digitalsignature\system\CodeIgniter.php(934): App\Controllers\Document->fileupload()
#7 C:\wamp64\www\digitalsignature\system\CodeIgniter.php(499): CodeIgniter\CodeIgniter->runController(Object(App\Controllers\Document))
#8 C:\wamp64\www\digitalsignature\system\CodeIgniter.php(368): CodeIgniter\CodeIgniter->handleRequest(NULL, Object(Config\Cache), false)
#9 C:\wamp64\www\digitalsignature\index.php(68): CodeIgniter\CodeIgniter->run()
#10 {main}
ERROR - 2023-04-12 09:07:39 --> mysqli_sql_exception: Column 'alertOneDyBfrExp' cannot be null in C:\wamp64\www\digitalsignature\system\Database\MySQLi\Connection.php:295
Stack trace:
#0 C:\wamp64\www\digitalsignature\system\Database\MySQLi\Connection.php(295): mysqli->query('INSERT INTO `e_...', 0)
#1 C:\wamp64\www\digitalsignature\system\Database\BaseConnection.php(691): CodeIgniter\Database\MySQLi\Connection->execute('INSERT INTO `e_...')
#2 C:\wamp64\www\digitalsignature\system\Database\BaseConnection.php(605): CodeIgniter\Database\BaseConnection->simpleQuery('INSERT INTO `e_...')
#3 C:\wamp64\www\digitalsignature\system\Database\BaseBuilder.php(2294): CodeIgniter\Database\BaseConnection->query('INSERT INTO `e_...', Array, false)
#4 C:\wamp64\www\digitalsignature\app\Models\Document_Model.php(23): CodeIgniter\Database\BaseBuilder->insert(Array)
#5 C:\wamp64\www\digitalsignature\app\Controllers\Document.php(164): App\Models\Document_Model->InsertToDB(Array)
#6 C:\wamp64\www\digitalsignature\system\CodeIgniter.php(934): App\Controllers\Document->fileupload()
#7 C:\wamp64\www\digitalsignature\system\CodeIgniter.php(499): CodeIgniter\CodeIgniter->runController(Object(App\Controllers\Document))
#8 C:\wamp64\www\digitalsignature\system\CodeIgniter.php(368): CodeIgniter\CodeIgniter->handleRequest(NULL, Object(Config\Cache), false)
#9 C:\wamp64\www\digitalsignature\index.php(68): CodeIgniter\CodeIgniter->run()
#10 {main}
ERROR - 2023-04-12 09:14:48 --> mysqli_sql_exception: Column 'alertOneDyBfrExp' cannot be null in C:\wamp64\www\digitalsignature\system\Database\MySQLi\Connection.php:295
Stack trace:
#0 C:\wamp64\www\digitalsignature\system\Database\MySQLi\Connection.php(295): mysqli->query('INSERT INTO `e_...', 0)
#1 C:\wamp64\www\digitalsignature\system\Database\BaseConnection.php(691): CodeIgniter\Database\MySQLi\Connection->execute('INSERT INTO `e_...')
#2 C:\wamp64\www\digitalsignature\system\Database\BaseConnection.php(605): CodeIgniter\Database\BaseConnection->simpleQuery('INSERT INTO `e_...')
#3 C:\wamp64\www\digitalsignature\system\Database\BaseBuilder.php(2294): CodeIgniter\Database\BaseConnection->query('INSERT INTO `e_...', Array, false)
#4 C:\wamp64\www\digitalsignature\app\Models\Document_Model.php(23): CodeIgniter\Database\BaseBuilder->insert(Array)
#5 C:\wamp64\www\digitalsignature\app\Controllers\Document.php(164): App\Models\Document_Model->InsertToDB(Array)
#6 C:\wamp64\www\digitalsignature\system\CodeIgniter.php(934): App\Controllers\Document->fileupload()
#7 C:\wamp64\www\digitalsignature\system\CodeIgniter.php(499): CodeIgniter\CodeIgniter->runController(Object(App\Controllers\Document))
#8 C:\wamp64\www\digitalsignature\system\CodeIgniter.php(368): CodeIgniter\CodeIgniter->handleRequest(NULL, Object(Config\Cache), false)
#9 C:\wamp64\www\digitalsignature\index.php(68): CodeIgniter\CodeIgniter->run()
#10 {main}
ERROR - 2023-04-12 09:19:46 --> mysqli_sql_exception: Column 'alertOneDyBfrExp' cannot be null in C:\wamp64\www\digitalsignature\system\Database\MySQLi\Connection.php:295
Stack trace:
#0 C:\wamp64\www\digitalsignature\system\Database\MySQLi\Connection.php(295): mysqli->query('INSERT INTO `e_...', 0)
#1 C:\wamp64\www\digitalsignature\system\Database\BaseConnection.php(691): CodeIgniter\Database\MySQLi\Connection->execute('INSERT INTO `e_...')
#2 C:\wamp64\www\digitalsignature\system\Database\BaseConnection.php(605): CodeIgniter\Database\BaseConnection->simpleQuery('INSERT INTO `e_...')
#3 C:\wamp64\www\digitalsignature\system\Database\BaseBuilder.php(2294): CodeIgniter\Database\BaseConnection->query('INSERT INTO `e_...', Array, false)
#4 C:\wamp64\www\digitalsignature\app\Models\Document_Model.php(23): CodeIgniter\Database\BaseBuilder->insert(Array)
#5 C:\wamp64\www\digitalsignature\app\Controllers\Document.php(164): App\Models\Document_Model->InsertToDB(Array)
#6 C:\wamp64\www\digitalsignature\system\CodeIgniter.php(934): App\Controllers\Document->fileupload()
#7 C:\wamp64\www\digitalsignature\system\CodeIgniter.php(499): CodeIgniter\CodeIgniter->runController(Object(App\Controllers\Document))
#8 C:\wamp64\www\digitalsignature\system\CodeIgniter.php(368): CodeIgniter\CodeIgniter->handleRequest(NULL, Object(Config\Cache), false)
#9 C:\wamp64\www\digitalsignature\index.php(68): CodeIgniter\CodeIgniter->run()
#10 {main}
ERROR - 2023-04-12 09:23:41 --> mysqli_sql_exception: Column 'alertOneDyBfrExp' cannot be null in C:\wamp64\www\digitalsignature\system\Database\MySQLi\Connection.php:295
Stack trace:
#0 C:\wamp64\www\digitalsignature\system\Database\MySQLi\Connection.php(295): mysqli->query('INSERT INTO `e_...', 0)
#1 C:\wamp64\www\digitalsignature\system\Database\BaseConnection.php(691): CodeIgniter\Database\MySQLi\Connection->execute('INSERT INTO `e_...')
#2 C:\wamp64\www\digitalsignature\system\Database\BaseConnection.php(605): CodeIgniter\Database\BaseConnection->simpleQuery('INSERT INTO `e_...')
#3 C:\wamp64\www\digitalsignature\system\Database\BaseBuilder.php(2294): CodeIgniter\Database\BaseConnection->query('INSERT INTO `e_...', Array, false)
#4 C:\wamp64\www\digitalsignature\app\Models\Document_Model.php(23): CodeIgniter\Database\BaseBuilder->insert(Array)
#5 C:\wamp64\www\digitalsignature\app\Controllers\Document.php(164): App\Models\Document_Model->InsertToDB(Array)
#6 C:\wamp64\www\digitalsignature\system\CodeIgniter.php(934): App\Controllers\Document->fileupload()
#7 C:\wamp64\www\digitalsignature\system\CodeIgniter.php(499): CodeIgniter\CodeIgniter->runController(Object(App\Controllers\Document))
#8 C:\wamp64\www\digitalsignature\system\CodeIgniter.php(368): CodeIgniter\CodeIgniter->handleRequest(NULL, Object(Config\Cache), false)
#9 C:\wamp64\www\digitalsignature\index.php(68): CodeIgniter\CodeIgniter->run()
#10 {main}
CRITICAL - 2023-04-12 09:23:41 --> Call to undefined method CodeIgniter\Database\MySQLi\Builder::getLastQuery()
in APPPATH\Models\Document_Model.php on line 24.
 1 APPPATH\Controllers\Document.php(164): App\Models\Document_Model->InsertToDB([...])
 2 SYSTEMPATH\CodeIgniter.php(934): App\Controllers\Document->fileupload()
 3 SYSTEMPATH\CodeIgniter.php(499): CodeIgniter\CodeIgniter->runController(Object(App\Controllers\Document))
 4 SYSTEMPATH\CodeIgniter.php(368): CodeIgniter\CodeIgniter->handleRequest(null, Object(Config\Cache), false)
 5 FCPATH\index.php(68): CodeIgniter\CodeIgniter->run()
ERROR - 2023-04-12 09:27:19 --> mysqli_sql_exception: Column 'alertOneDyBfrExp' cannot be null in C:\wamp64\www\digitalsignature\system\Database\MySQLi\Connection.php:295
Stack trace:
#0 C:\wamp64\www\digitalsignature\system\Database\MySQLi\Connection.php(295): mysqli->query('INSERT INTO `e_...', 0)
#1 C:\wamp64\www\digitalsignature\system\Database\BaseConnection.php(691): CodeIgniter\Database\MySQLi\Connection->execute('INSERT INTO `e_...')
#2 C:\wamp64\www\digitalsignature\system\Database\BaseConnection.php(605): CodeIgniter\Database\BaseConnection->simpleQuery('INSERT INTO `e_...')
#3 C:\wamp64\www\digitalsignature\system\Database\BaseBuilder.php(2294): CodeIgniter\Database\BaseConnection->query('INSERT INTO `e_...', Array, false)
#4 C:\wamp64\www\digitalsignature\app\Models\Document_Model.php(23): CodeIgniter\Database\BaseBuilder->insert(Array)
#5 C:\wamp64\www\digitalsignature\app\Controllers\Document.php(164): App\Models\Document_Model->InsertToDB(Array)
#6 C:\wamp64\www\digitalsignature\system\CodeIgniter.php(934): App\Controllers\Document->fileupload()
#7 C:\wamp64\www\digitalsignature\system\CodeIgniter.php(499): CodeIgniter\CodeIgniter->runController(Object(App\Controllers\Document))
#8 C:\wamp64\www\digitalsignature\system\CodeIgniter.php(368): CodeIgniter\CodeIgniter->handleRequest(NULL, Object(Config\Cache), false)
#9 C:\wamp64\www\digitalsignature\index.php(68): CodeIgniter\CodeIgniter->run()
#10 {main}
