ERROR - 2023-01-20 09:51:14 --> mysqli_sql_exception: Column 'file_type' cannot be null in C:\wamp64\www\digitalsignature\system\Database\MySQLi\Connection.php:295
Stack trace:
#0 C:\wamp64\www\digitalsignature\system\Database\MySQLi\Connection.php(295): mysqli->query('INSERT INTO `e_...', 0)
#1 C:\wamp64\www\digitalsignature\system\Database\BaseConnection.php(691): CodeIgniter\Database\MySQLi\Connection->execute('INSERT INTO `e_...')
#2 C:\wamp64\www\digitalsignature\system\Database\BaseConnection.php(605): CodeIgniter\Database\BaseConnection->simpleQuery('INSERT INTO `e_...')
#3 C:\wamp64\www\digitalsignature\system\Database\BaseBuilder.php(2294): CodeIgniter\Database\BaseConnection->query('INSERT INTO `e_...', Array, false)
#4 C:\wamp64\www\digitalsignature\app\Models\ESignUploadedFiles.php(23): CodeIgniter\Database\BaseBuilder->insert(Array)
#5 C:\wamp64\www\digitalsignature\app\Controllers\Document.php(64): App\Models\ESignUploadedFiles->InsertToDB(Array)
#6 C:\wamp64\www\digitalsignature\system\CodeIgniter.php(934): App\Controllers\Document->fileupload()
#7 C:\wamp64\www\digitalsignature\system\CodeIgniter.php(499): CodeIgniter\CodeIgniter->runController(Object(App\Controllers\Document))
#8 C:\wamp64\www\digitalsignature\system\CodeIgniter.php(368): CodeIgniter\CodeIgniter->handleRequest(NULL, Object(Config\Cache), false)
#9 C:\wamp64\www\digitalsignature\index.php(68): CodeIgniter\CodeIgniter->run()
#10 {main}
CRITICAL - 2023-01-20 09:51:15 --> The route for "prepare/0" cannot be found.
in SYSTEMPATH\HTTP\RedirectResponse.php on line 60.
 1 SYSTEMPATH\HTTP\RedirectResponse.php(60): CodeIgniter\HTTP\Exceptions\HTTPException::forInvalidRedirectRoute('prepare/0')
 2 APPPATH\Controllers\Document.php(66): CodeIgniter\HTTP\RedirectResponse->route(false)
 3 SYSTEMPATH\CodeIgniter.php(934): App\Controllers\Document->fileupload()
 4 SYSTEMPATH\CodeIgniter.php(499): CodeIgniter\CodeIgniter->runController(Object(App\Controllers\Document))
 5 SYSTEMPATH\CodeIgniter.php(368): CodeIgniter\CodeIgniter->handleRequest(null, Object(Config\Cache), false)
 6 FCPATH\index.php(68): CodeIgniter\CodeIgniter->run()
ERROR - 2023-01-20 09:57:15 --> mysqli_sql_exception: Column 'file_type' cannot be null in C:\wamp64\www\digitalsignature\system\Database\MySQLi\Connection.php:295
Stack trace:
#0 C:\wamp64\www\digitalsignature\system\Database\MySQLi\Connection.php(295): mysqli->query('INSERT INTO `e_...', 0)
#1 C:\wamp64\www\digitalsignature\system\Database\BaseConnection.php(691): CodeIgniter\Database\MySQLi\Connection->execute('INSERT INTO `e_...')
#2 C:\wamp64\www\digitalsignature\system\Database\BaseConnection.php(605): CodeIgniter\Database\BaseConnection->simpleQuery('INSERT INTO `e_...')
#3 C:\wamp64\www\digitalsignature\system\Database\BaseBuilder.php(2294): CodeIgniter\Database\BaseConnection->query('INSERT INTO `e_...', Array, false)
#4 C:\wamp64\www\digitalsignature\app\Models\ESignUploadedFiles.php(23): CodeIgniter\Database\BaseBuilder->insert(Array)
#5 C:\wamp64\www\digitalsignature\app\Controllers\Document.php(64): App\Models\ESignUploadedFiles->InsertToDB(Array)
#6 C:\wamp64\www\digitalsignature\system\CodeIgniter.php(934): App\Controllers\Document->fileupload()
#7 C:\wamp64\www\digitalsignature\system\CodeIgniter.php(499): CodeIgniter\CodeIgniter->runController(Object(App\Controllers\Document))
#8 C:\wamp64\www\digitalsignature\system\CodeIgniter.php(368): CodeIgniter\CodeIgniter->handleRequest(NULL, Object(Config\Cache), false)
#9 C:\wamp64\www\digitalsignature\index.php(68): CodeIgniter\CodeIgniter->run()
#10 {main}
ERROR - 2023-01-20 09:58:19 --> mysqli_sql_exception: Column 'file_type' cannot be null in C:\wamp64\www\digitalsignature\system\Database\MySQLi\Connection.php:295
Stack trace:
#0 C:\wamp64\www\digitalsignature\system\Database\MySQLi\Connection.php(295): mysqli->query('INSERT INTO `e_...', 0)
#1 C:\wamp64\www\digitalsignature\system\Database\BaseConnection.php(691): CodeIgniter\Database\MySQLi\Connection->execute('INSERT INTO `e_...')
#2 C:\wamp64\www\digitalsignature\system\Database\BaseConnection.php(605): CodeIgniter\Database\BaseConnection->simpleQuery('INSERT INTO `e_...')
#3 C:\wamp64\www\digitalsignature\system\Database\BaseBuilder.php(2294): CodeIgniter\Database\BaseConnection->query('INSERT INTO `e_...', Array, false)
#4 C:\wamp64\www\digitalsignature\app\Models\ESignUploadedFiles.php(23): CodeIgniter\Database\BaseBuilder->insert(Array)
#5 C:\wamp64\www\digitalsignature\app\Controllers\Document.php(64): App\Models\ESignUploadedFiles->InsertToDB(Array)
#6 C:\wamp64\www\digitalsignature\system\CodeIgniter.php(934): App\Controllers\Document->fileupload()
#7 C:\wamp64\www\digitalsignature\system\CodeIgniter.php(499): CodeIgniter\CodeIgniter->runController(Object(App\Controllers\Document))
#8 C:\wamp64\www\digitalsignature\system\CodeIgniter.php(368): CodeIgniter\CodeIgniter->handleRequest(NULL, Object(Config\Cache), false)
#9 C:\wamp64\www\digitalsignature\index.php(68): CodeIgniter\CodeIgniter->run()
#10 {main}
ERROR - 2023-01-20 09:59:47 --> mysqli_sql_exception: Column 'file_type' cannot be null in C:\wamp64\www\digitalsignature\system\Database\MySQLi\Connection.php:295
Stack trace:
#0 C:\wamp64\www\digitalsignature\system\Database\MySQLi\Connection.php(295): mysqli->query('INSERT INTO `e_...', 0)
#1 C:\wamp64\www\digitalsignature\system\Database\BaseConnection.php(691): CodeIgniter\Database\MySQLi\Connection->execute('INSERT INTO `e_...')
#2 C:\wamp64\www\digitalsignature\system\Database\BaseConnection.php(605): CodeIgniter\Database\BaseConnection->simpleQuery('INSERT INTO `e_...')
#3 C:\wamp64\www\digitalsignature\system\Database\BaseBuilder.php(2294): CodeIgniter\Database\BaseConnection->query('INSERT INTO `e_...', Array, false)
#4 C:\wamp64\www\digitalsignature\app\Models\ESignUploadedFiles.php(23): CodeIgniter\Database\BaseBuilder->insert(Array)
#5 C:\wamp64\www\digitalsignature\app\Controllers\Document.php(64): App\Models\ESignUploadedFiles->InsertToDB(Array)
#6 C:\wamp64\www\digitalsignature\system\CodeIgniter.php(934): App\Controllers\Document->fileupload()
#7 C:\wamp64\www\digitalsignature\system\CodeIgniter.php(499): CodeIgniter\CodeIgniter->runController(Object(App\Controllers\Document))
#8 C:\wamp64\www\digitalsignature\system\CodeIgniter.php(368): CodeIgniter\CodeIgniter->handleRequest(NULL, Object(Config\Cache), false)
#9 C:\wamp64\www\digitalsignature\index.php(68): CodeIgniter\CodeIgniter->run()
#10 {main}
CRITICAL - 2023-01-20 10:14:58 --> The route for "prepare/1674209698286944" cannot be found.
in SYSTEMPATH\HTTP\RedirectResponse.php on line 60.
 1 SYSTEMPATH\HTTP\RedirectResponse.php(60): CodeIgniter\HTTP\Exceptions\HTTPException::forInvalidRedirectRoute('prepare/1674209698286944')
 2 APPPATH\Controllers\Document.php(68): CodeIgniter\HTTP\RedirectResponse->route(false)
 3 SYSTEMPATH\CodeIgniter.php(934): App\Controllers\Document->fileupload()
 4 SYSTEMPATH\CodeIgniter.php(499): CodeIgniter\CodeIgniter->runController(Object(App\Controllers\Document))
 5 SYSTEMPATH\CodeIgniter.php(368): CodeIgniter\CodeIgniter->handleRequest(null, Object(Config\Cache), false)
 6 FCPATH\index.php(68): CodeIgniter\CodeIgniter->run()
CRITICAL - 2023-01-20 10:15:45 --> The route for "prepare" cannot be found.
in SYSTEMPATH\HTTP\RedirectResponse.php on line 60.
 1 SYSTEMPATH\HTTP\RedirectResponse.php(60): CodeIgniter\HTTP\Exceptions\HTTPException::forInvalidRedirectRoute('prepare')
 2 APPPATH\Controllers\Document.php(68): CodeIgniter\HTTP\RedirectResponse->route(false, [...])
 3 SYSTEMPATH\CodeIgniter.php(934): App\Controllers\Document->fileupload()
 4 SYSTEMPATH\CodeIgniter.php(499): CodeIgniter\CodeIgniter->runController(Object(App\Controllers\Document))
 5 SYSTEMPATH\CodeIgniter.php(368): CodeIgniter\CodeIgniter->handleRequest(null, Object(Config\Cache), false)
 6 FCPATH\index.php(68): CodeIgniter\CodeIgniter->run()
CRITICAL - 2023-01-20 10:33:48 --> Argument 2 passed to CodeIgniter\HTTP\RedirectResponse::route() must be of the type array, string given, called in C:\wamp64\www\digitalsignature\app\Controllers\Document.php on line 68
in SYSTEMPATH\HTTP\RedirectResponse.php on line 53.
 1 APPPATH\Controllers\Document.php(68): CodeIgniter\HTTP\RedirectResponse->route('prepare', '1674210828481039')
 2 SYSTEMPATH\CodeIgniter.php(934): App\Controllers\Document->fileupload()
 3 SYSTEMPATH\CodeIgniter.php(499): CodeIgniter\CodeIgniter->runController(Object(App\Controllers\Document))
 4 SYSTEMPATH\CodeIgniter.php(368): CodeIgniter\CodeIgniter->handleRequest(null, Object(Config\Cache), false)
 5 FCPATH\index.php(68): CodeIgniter\CodeIgniter->run()
CRITICAL - 2023-01-20 10:37:43 --> The route for "prepare" cannot be found.
in SYSTEMPATH\HTTP\RedirectResponse.php on line 60.
 1 SYSTEMPATH\HTTP\RedirectResponse.php(60): CodeIgniter\HTTP\Exceptions\HTTPException::forInvalidRedirectRoute('prepare')
 2 APPPATH\Controllers\Document.php(70): CodeIgniter\HTTP\RedirectResponse->route(false, [...])
 3 SYSTEMPATH\CodeIgniter.php(934): App\Controllers\Document->fileupload()
 4 SYSTEMPATH\CodeIgniter.php(499): CodeIgniter\CodeIgniter->runController(Object(App\Controllers\Document))
 5 SYSTEMPATH\CodeIgniter.php(368): CodeIgniter\CodeIgniter->handleRequest(null, Object(Config\Cache), false)
 6 FCPATH\index.php(68): CodeIgniter\CodeIgniter->run()
CRITICAL - 2023-01-20 10:39:21 --> The route for "prepare" cannot be found.
in SYSTEMPATH\HTTP\RedirectResponse.php on line 60.
 1 SYSTEMPATH\HTTP\RedirectResponse.php(60): CodeIgniter\HTTP\Exceptions\HTTPException::forInvalidRedirectRoute('prepare')
 2 APPPATH\Controllers\Document.php(70): CodeIgniter\HTTP\RedirectResponse->route(false, [...])
 3 SYSTEMPATH\CodeIgniter.php(934): App\Controllers\Document->fileupload()
 4 SYSTEMPATH\CodeIgniter.php(499): CodeIgniter\CodeIgniter->runController(Object(App\Controllers\Document))
 5 SYSTEMPATH\CodeIgniter.php(368): CodeIgniter\CodeIgniter->handleRequest(null, Object(Config\Cache), false)
 6 FCPATH\index.php(68): CodeIgniter\CodeIgniter->run()
CRITICAL - 2023-01-20 10:49:46 --> The route for "prepare" cannot be found.
in SYSTEMPATH\HTTP\RedirectResponse.php on line 60.
 1 SYSTEMPATH\HTTP\RedirectResponse.php(60): CodeIgniter\HTTP\Exceptions\HTTPException::forInvalidRedirectRoute('prepare')
 2 APPPATH\Controllers\Document.php(70): CodeIgniter\HTTP\RedirectResponse->route(false, [...])
 3 SYSTEMPATH\CodeIgniter.php(934): App\Controllers\Document->fileupload()
 4 SYSTEMPATH\CodeIgniter.php(499): CodeIgniter\CodeIgniter->runController(Object(App\Controllers\Document))
 5 SYSTEMPATH\CodeIgniter.php(368): CodeIgniter\CodeIgniter->handleRequest(null, Object(Config\Cache), false)
 6 FCPATH\index.php(68): CodeIgniter\CodeIgniter->run()
CRITICAL - 2023-01-20 11:06:26 --> Class 'App\Controllers\Route' not found
in APPPATH\Controllers\Document.php on line 74.
 1 SYSTEMPATH\CodeIgniter.php(934): App\Controllers\Document->fileupload()
 2 SYSTEMPATH\CodeIgniter.php(499): CodeIgniter\CodeIgniter->runController(Object(App\Controllers\Document))
 3 SYSTEMPATH\CodeIgniter.php(368): CodeIgniter\CodeIgniter->handleRequest(null, Object(Config\Cache), false)
 4 FCPATH\index.php(68): CodeIgniter\CodeIgniter->run()
CRITICAL - 2023-01-20 11:08:46 --> Cannot unpack array with string keys
in SYSTEMPATH\HTTP\RedirectResponse.php on line 57.
 1 APPPATH\Controllers\Document.php(74): CodeIgniter\HTTP\RedirectResponse->route('prepare', [...])
 2 SYSTEMPATH\CodeIgniter.php(934): App\Controllers\Document->fileupload()
 3 SYSTEMPATH\CodeIgniter.php(499): CodeIgniter\CodeIgniter->runController(Object(App\Controllers\Document))
 4 SYSTEMPATH\CodeIgniter.php(368): CodeIgniter\CodeIgniter->handleRequest(null, Object(Config\Cache), false)
 5 FCPATH\index.php(68): CodeIgniter\CodeIgniter->run()
CRITICAL - 2023-01-20 11:09:33 --> The route for "prepare" cannot be found.
in SYSTEMPATH\HTTP\RedirectResponse.php on line 60.
 1 SYSTEMPATH\HTTP\RedirectResponse.php(60): CodeIgniter\HTTP\Exceptions\HTTPException::forInvalidRedirectRoute('prepare')
 2 APPPATH\Controllers\Document.php(74): CodeIgniter\HTTP\RedirectResponse->route(false, [...])
 3 SYSTEMPATH\CodeIgniter.php(934): App\Controllers\Document->fileupload()
 4 SYSTEMPATH\CodeIgniter.php(499): CodeIgniter\CodeIgniter->runController(Object(App\Controllers\Document))
 5 SYSTEMPATH\CodeIgniter.php(368): CodeIgniter\CodeIgniter->handleRequest(null, Object(Config\Cache), false)
 6 FCPATH\index.php(68): CodeIgniter\CodeIgniter->run()
CRITICAL - 2023-01-20 11:10:36 --> The route for "prepare" cannot be found.
in SYSTEMPATH\HTTP\RedirectResponse.php on line 60.
 1 SYSTEMPATH\HTTP\RedirectResponse.php(60): CodeIgniter\HTTP\Exceptions\HTTPException::forInvalidRedirectRoute('prepare')
 2 APPPATH\Controllers\Document.php(74): CodeIgniter\HTTP\RedirectResponse->route(false, [...])
 3 SYSTEMPATH\CodeIgniter.php(934): App\Controllers\Document->fileupload()
 4 SYSTEMPATH\CodeIgniter.php(499): CodeIgniter\CodeIgniter->runController(Object(App\Controllers\Document))
 5 SYSTEMPATH\CodeIgniter.php(368): CodeIgniter\CodeIgniter->handleRequest(null, Object(Config\Cache), false)
 6 FCPATH\index.php(68): CodeIgniter\CodeIgniter->run()
CRITICAL - 2023-01-20 11:17:52 --> Call to undefined method CodeIgniter\Router\RouteCollection::name()
in APPPATH\Config\Routes.php on line 43.
 1 SYSTEMPATH\Router\RouteCollection.php(266): require()
 2 SYSTEMPATH\CodeIgniter.php(802): CodeIgniter\Router\RouteCollection->loadRoutes()
 3 SYSTEMPATH\CodeIgniter.php(449): CodeIgniter\CodeIgniter->tryToRouteIt(null)
 4 SYSTEMPATH\CodeIgniter.php(368): CodeIgniter\CodeIgniter->handleRequest(null, Object(Config\Cache), false)
 5 FCPATH\index.php(68): CodeIgniter\CodeIgniter->run()
