CRITICAL - 2023-04-24 05:21:00 --> fopen(C:/wamp64/www/digitalsignature/650d5885e051cbf1361781a0366dab198ce52007/systemtemplates/CertificateOfCompletion.pdf): failed to open stream: No such file or directory
in FCPATH\vendor\setasign\fpdi\src\PdfParser\StreamReader.php on line 42.
 1 [internal function]: CodeIgniter\Debug\Exceptions->errorHandler(2, 'fopen(C:/wamp64/www/digitalsignature/650d5885e051cbf1361781a0366dab198ce52007/systemtemplates/CertificateOfCompletion.pdf): failed to open stream: No such file or directory', 'FCPATH\\vendor\\setasign\\fpdi\\src\\PdfParser\\StreamReader.php', 42, [...])
 2 FCPATH\vendor\setasign\fpdi\src\PdfParser\StreamReader.php(42): fopen('C:/wamp64/www/digitalsignature/650d5885e051cbf1361781a0366dab198ce52007/systemtemplates/CertificateOfCompletion.pdf', 'rb')
 3 FCPATH\vendor\setasign\fpdi\src\FpdiTrait.php(174): setasign\Fpdi\PdfParser\StreamReader::createByFile('C:/wamp64/www/digitalsignature/650d5885e051cbf1361781a0366dab198ce52007/systemtemplates/CertificateOfCompletion.pdf')
 4 FCPATH\vendor\setasign\fpdi\src\FpdiTrait.php(213): setasign\Fpdi\Fpdi->getPdfReaderId('C:/wamp64/www/digitalsignature/650d5885e051cbf1361781a0366dab198ce52007/systemtemplates/CertificateOfCompletion.pdf')
 5 APPPATH\Libraries\GeneratePdf.php(137): setasign\Fpdi\Fpdi->setSourceFile('C:/wamp64/www/digitalsignature/650d5885e051cbf1361781a0366dab198ce52007/systemtemplates/CertificateOfCompletion.pdf')
 6 APPPATH\Controllers\Document.php(271): App\Libraries\GeneratePdf->prepareConsolidateCompletionCertificate('C:\\wamp64\\www\\digitalsignature', 'C:/wamp64/www/digitalsignature/650d5885e051cbf1361781a0366dab198ce52007/systemtemplates/CertificateOfCompletion.pdf', [], 'C:\\wamp64\\www\\digitalsignature', 'C:\\wamp64\\www\\digitalsignature', 'FCPATH\\650d5885e051cbf1361781a0366dab198ce52007')
 7 SYSTEMPATH\CodeIgniter.php(934): App\Controllers\Document->test()
 8 SYSTEMPATH\CodeIgniter.php(499): CodeIgniter\CodeIgniter->runController(Object(App\Controllers\Document))
 9 SYSTEMPATH\CodeIgniter.php(368): CodeIgniter\CodeIgniter->handleRequest(null, Object(Config\Cache), false)
10 FCPATH\index.php(68): CodeIgniter\CodeIgniter->run()
CRITICAL - 2023-04-24 05:21:29 --> This PDF document probably uses a compression technique which is not supported by the free parser shipped with FPDI. (See https://www.setasign.com/fpdi-pdf-parser for more details)
in FCPATH\vendor\setasign\fpdi\src\PdfParser\CrossReference\CrossReference.php on line 257.
 1 FCPATH\vendor\setasign\fpdi\src\PdfParser\CrossReference\CrossReference.php(209): setasign\Fpdi\PdfParser\CrossReference\CrossReference->initReaderInstance(Object(setasign\Fpdi\PdfParser\Type\PdfIndirectObject))
 2 FCPATH\vendor\setasign\fpdi\src\PdfParser\CrossReference\CrossReference.php(67): setasign\Fpdi\PdfParser\CrossReference\CrossReference->readXref(196903)
 3 FCPATH\vendor\setasign\fpdi\src\PdfParser\PdfParser.php(157): setasign\Fpdi\PdfParser\CrossReference\CrossReference->__construct(Object(setasign\Fpdi\PdfParser\PdfParser), 0)
 4 FCPATH\vendor\setasign\fpdi\src\PdfParser\PdfParser.php(205): setasign\Fpdi\PdfParser\PdfParser->getCrossReference()
 5 FCPATH\vendor\setasign\fpdi\src\PdfParser\PdfParser.php(181): setasign\Fpdi\PdfParser\PdfParser->getCatalog()
 6 FCPATH\vendor\setasign\fpdi\src\PdfReader\PdfReader.php(84): setasign\Fpdi\PdfParser\PdfParser->getPdfVersion()
 7 FCPATH\vendor\setasign\fpdi\src\FpdiTrait.php(217): setasign\Fpdi\PdfReader\PdfReader->getPdfVersion()
 8 APPPATH\Libraries\GeneratePdf.php(137): setasign\Fpdi\Fpdi->setSourceFile('FCPATH\\systemtemplates\\CertificateOfCompletion.pdf')
 9 APPPATH\Controllers\Document.php(271): App\Libraries\GeneratePdf->prepareConsolidateCompletionCertificate('C:\\wamp64\\www\\digitalsignature', 'FCPATH\\systemtemplates\\CertificateOfCompletion.pdf', [], 'C:\\wamp64\\www\\digitalsignature', 'C:\\wamp64\\www\\digitalsignature', 'FCPATH\\650d5885e051cbf1361781a0366dab198ce52007')
10 SYSTEMPATH\CodeIgniter.php(934): App\Controllers\Document->test()
11 SYSTEMPATH\CodeIgniter.php(499): CodeIgniter\CodeIgniter->runController(Object(App\Controllers\Document))
12 SYSTEMPATH\CodeIgniter.php(368): CodeIgniter\CodeIgniter->handleRequest(null, Object(Config\Cache), false)
13 FCPATH\index.php(68): CodeIgniter\CodeIgniter->run()
CRITICAL - 2023-04-24 05:23:47 --> This PDF document probably uses a compression technique which is not supported by the free parser shipped with FPDI. (See https://www.setasign.com/fpdi-pdf-parser for more details)
in FCPATH\vendor\setasign\fpdi\src\PdfParser\CrossReference\CrossReference.php on line 257.
 1 FCPATH\vendor\setasign\fpdi\src\PdfParser\CrossReference\CrossReference.php(209): setasign\Fpdi\PdfParser\CrossReference\CrossReference->initReaderInstance(Object(setasign\Fpdi\PdfParser\Type\PdfIndirectObject))
 2 FCPATH\vendor\setasign\fpdi\src\PdfParser\CrossReference\CrossReference.php(67): setasign\Fpdi\PdfParser\CrossReference\CrossReference->readXref(196903)
 3 FCPATH\vendor\setasign\fpdi\src\PdfParser\PdfParser.php(157): setasign\Fpdi\PdfParser\CrossReference\CrossReference->__construct(Object(setasign\Fpdi\PdfParser\PdfParser), 0)
 4 FCPATH\vendor\setasign\fpdi\src\PdfParser\PdfParser.php(205): setasign\Fpdi\PdfParser\PdfParser->getCrossReference()
 5 FCPATH\vendor\setasign\fpdi\src\PdfParser\PdfParser.php(181): setasign\Fpdi\PdfParser\PdfParser->getCatalog()
 6 FCPATH\vendor\setasign\fpdi\src\PdfReader\PdfReader.php(84): setasign\Fpdi\PdfParser\PdfParser->getPdfVersion()
 7 FCPATH\vendor\setasign\fpdi\src\FpdiTrait.php(217): setasign\Fpdi\PdfReader\PdfReader->getPdfVersion()
 8 APPPATH\Libraries\GeneratePdf.php(132): setasign\Fpdi\Fpdi->setSourceFile('FCPATH\\systemtemplates\\CertificateOfCompletion.pdf')
 9 APPPATH\Controllers\Document.php(271): App\Libraries\GeneratePdf->prepareCompletionCertificate('C:\\wamp64\\www\\digitalsignature', 'FCPATH\\systemtemplates\\CertificateOfCompletion.pdf', [], 'C:\\wamp64\\www\\digitalsignature', 'C:\\wamp64\\www\\digitalsignature', 'FCPATH\\650d5885e051cbf1361781a0366dab198ce52007')
10 SYSTEMPATH\CodeIgniter.php(934): App\Controllers\Document->test()
11 SYSTEMPATH\CodeIgniter.php(499): CodeIgniter\CodeIgniter->runController(Object(App\Controllers\Document))
12 SYSTEMPATH\CodeIgniter.php(368): CodeIgniter\CodeIgniter->handleRequest(null, Object(Config\Cache), false)
13 FCPATH\index.php(68): CodeIgniter\CodeIgniter->run()
CRITICAL - 2023-04-24 05:32:13 --> This PDF document probably uses a compression technique which is not supported by the free parser shipped with FPDI. (See https://www.setasign.com/fpdi-pdf-parser for more details)
in FCPATH\vendor\setasign\fpdi\src\PdfParser\CrossReference\CrossReference.php on line 257.
 1 FCPATH\vendor\setasign\fpdi\src\PdfParser\CrossReference\CrossReference.php(209): setasign\Fpdi\PdfParser\CrossReference\CrossReference->initReaderInstance(Object(setasign\Fpdi\PdfParser\Type\PdfIndirectObject))
 2 FCPATH\vendor\setasign\fpdi\src\PdfParser\CrossReference\CrossReference.php(67): setasign\Fpdi\PdfParser\CrossReference\CrossReference->readXref(196903)
 3 FCPATH\vendor\setasign\fpdi\src\PdfParser\PdfParser.php(157): setasign\Fpdi\PdfParser\CrossReference\CrossReference->__construct(Object(setasign\Fpdi\PdfParser\PdfParser), 0)
 4 FCPATH\vendor\setasign\fpdi\src\PdfParser\PdfParser.php(205): setasign\Fpdi\PdfParser\PdfParser->getCrossReference()
 5 FCPATH\vendor\setasign\fpdi\src\PdfParser\PdfParser.php(181): setasign\Fpdi\PdfParser\PdfParser->getCatalog()
 6 FCPATH\vendor\setasign\fpdi\src\PdfReader\PdfReader.php(84): setasign\Fpdi\PdfParser\PdfParser->getPdfVersion()
 7 FCPATH\vendor\setasign\fpdi\src\FpdiTrait.php(217): setasign\Fpdi\PdfReader\PdfReader->getPdfVersion()
 8 APPPATH\Libraries\GeneratePdf.php(137): setasign\Fpdi\Fpdi->setSourceFile('FCPATH\\systemtemplates\\CertificateOfCompletion.pdf')
 9 APPPATH\Controllers\Document.php(272): App\Libraries\GeneratePdf->prepareCompletionCertificate('C:\\wamp64\\www\\digitalsignature', 'FCPATH\\systemtemplates\\CertificateOfCompletion.pdf', [], 'C:\\wamp64\\www\\digitalsignature', 'C:\\wamp64\\www\\digitalsignature', 'FCPATH\\650d5885e051cbf1361781a0366dab198ce52007')
10 SYSTEMPATH\CodeIgniter.php(934): App\Controllers\Document->test()
11 SYSTEMPATH\CodeIgniter.php(499): CodeIgniter\CodeIgniter->runController(Object(App\Controllers\Document))
12 SYSTEMPATH\CodeIgniter.php(368): CodeIgniter\CodeIgniter->handleRequest(null, Object(Config\Cache), false)
13 FCPATH\index.php(68): CodeIgniter\CodeIgniter->run()
CRITICAL - 2023-04-24 05:38:49 --> This PDF document probably uses a compression technique which is not supported by the free parser shipped with FPDI. (See https://www.setasign.com/fpdi-pdf-parser for more details)
in FCPATH\vendor\setasign\fpdi\src\PdfParser\CrossReference\CrossReference.php on line 257.
 1 FCPATH\vendor\setasign\fpdi\src\PdfParser\CrossReference\CrossReference.php(209): setasign\Fpdi\PdfParser\CrossReference\CrossReference->initReaderInstance(Object(setasign\Fpdi\PdfParser\Type\PdfIndirectObject))
 2 FCPATH\vendor\setasign\fpdi\src\PdfParser\CrossReference\CrossReference.php(67): setasign\Fpdi\PdfParser\CrossReference\CrossReference->readXref(196903)
 3 FCPATH\vendor\setasign\fpdi\src\PdfParser\PdfParser.php(157): setasign\Fpdi\PdfParser\CrossReference\CrossReference->__construct(Object(setasign\Fpdi\PdfParser\PdfParser), 0)
 4 FCPATH\vendor\setasign\fpdi\src\PdfParser\PdfParser.php(205): setasign\Fpdi\PdfParser\PdfParser->getCrossReference()
 5 FCPATH\vendor\setasign\fpdi\src\PdfParser\PdfParser.php(181): setasign\Fpdi\PdfParser\PdfParser->getCatalog()
 6 FCPATH\vendor\setasign\fpdi\src\PdfReader\PdfReader.php(84): setasign\Fpdi\PdfParser\PdfParser->getPdfVersion()
 7 FCPATH\vendor\setasign\fpdi\src\FpdiTrait.php(217): setasign\Fpdi\PdfReader\PdfReader->getPdfVersion()
 8 APPPATH\Libraries\GeneratePdf.php(137): setasign\Fpdi\Fpdi->setSourceFile('FCPATH\\systemtemplates\\CertificateOfCompletion.pdf')
 9 APPPATH\Controllers\Document.php(273): App\Libraries\GeneratePdf->prepareCompletionCertificate('C:\\wamp64\\www\\digitalsignature', 'FCPATH\\systemtemplates\\CertificateOfCompletion.pdf', [], 'C:\\wamp64\\www\\digitalsignature', 'C:\\wamp64\\www\\digitalsignature', 'FCPATH\\650d5885e051cbf1361781a0366dab198ce52007')
10 SYSTEMPATH\CodeIgniter.php(934): App\Controllers\Document->test()
11 SYSTEMPATH\CodeIgniter.php(499): CodeIgniter\CodeIgniter->runController(Object(App\Controllers\Document))
12 SYSTEMPATH\CodeIgniter.php(368): CodeIgniter\CodeIgniter->handleRequest(null, Object(Config\Cache), false)
13 FCPATH\index.php(68): CodeIgniter\CodeIgniter->run()
CRITICAL - 2023-04-24 06:59:43 --> This PDF document probably uses a compression technique which is not supported by the free parser shipped with FPDI. (See https://www.setasign.com/fpdi-pdf-parser for more details)
in FCPATH\vendor\setasign\fpdi\src\PdfParser\CrossReference\CrossReference.php on line 257.
 1 FCPATH\vendor\setasign\fpdi\src\PdfParser\CrossReference\CrossReference.php(209): setasign\Fpdi\PdfParser\CrossReference\CrossReference->initReaderInstance(Object(setasign\Fpdi\PdfParser\Type\PdfIndirectObject))
 2 FCPATH\vendor\setasign\fpdi\src\PdfParser\CrossReference\CrossReference.php(67): setasign\Fpdi\PdfParser\CrossReference\CrossReference->readXref(196903)
 3 FCPATH\vendor\setasign\fpdi\src\PdfParser\PdfParser.php(157): setasign\Fpdi\PdfParser\CrossReference\CrossReference->__construct(Object(setasign\Fpdi\PdfParser\PdfParser), 0)
 4 FCPATH\vendor\setasign\fpdi\src\PdfParser\PdfParser.php(205): setasign\Fpdi\PdfParser\PdfParser->getCrossReference()
 5 FCPATH\vendor\setasign\fpdi\src\PdfParser\PdfParser.php(181): setasign\Fpdi\PdfParser\PdfParser->getCatalog()
 6 FCPATH\vendor\setasign\fpdi\src\PdfReader\PdfReader.php(84): setasign\Fpdi\PdfParser\PdfParser->getPdfVersion()
 7 FCPATH\vendor\setasign\fpdi\src\FpdiTrait.php(217): setasign\Fpdi\PdfReader\PdfReader->getPdfVersion()
 8 APPPATH\Libraries\GeneratePdf.php(137): setasign\Fpdi\Fpdi->setSourceFile('FCPATH\\systemtemplates\\1682319491787228.pdf')
 9 APPPATH\Controllers\Document.php(276): App\Libraries\GeneratePdf->prepareCompletionCertificate('C:\\wamp64\\www\\digitalsignature', 'FCPATH\\systemtemplates\\1682319491787228.pdf', [], 'C:\\wamp64\\www\\digitalsignature', 'C:\\wamp64\\www\\digitalsignature', 'FCPATH\\650d5885e051cbf1361781a0366dab198ce52007')
10 SYSTEMPATH\CodeIgniter.php(934): App\Controllers\Document->test()
11 SYSTEMPATH\CodeIgniter.php(499): CodeIgniter\CodeIgniter->runController(Object(App\Controllers\Document))
12 SYSTEMPATH\CodeIgniter.php(368): CodeIgniter\CodeIgniter->handleRequest(null, Object(Config\Cache), false)
13 FCPATH\index.php(68): CodeIgniter\CodeIgniter->run()
CRITICAL - 2023-04-24 07:11:48 --> This PDF document probably uses a compression technique which is not supported by the free parser shipped with FPDI. (See https://www.setasign.com/fpdi-pdf-parser for more details)
in FCPATH\vendor\setasign\fpdi\src\PdfParser\CrossReference\CrossReference.php on line 257.
 1 FCPATH\vendor\setasign\fpdi\src\PdfParser\CrossReference\CrossReference.php(209): setasign\Fpdi\PdfParser\CrossReference\CrossReference->initReaderInstance(Object(setasign\Fpdi\PdfParser\Type\PdfIndirectObject))
 2 FCPATH\vendor\setasign\fpdi\src\PdfParser\CrossReference\CrossReference.php(67): setasign\Fpdi\PdfParser\CrossReference\CrossReference->readXref(196903)
 3 FCPATH\vendor\setasign\fpdi\src\PdfParser\PdfParser.php(157): setasign\Fpdi\PdfParser\CrossReference\CrossReference->__construct(Object(setasign\Fpdi\PdfParser\PdfParser), 0)
 4 FCPATH\vendor\setasign\fpdi\src\PdfParser\PdfParser.php(205): setasign\Fpdi\PdfParser\PdfParser->getCrossReference()
 5 FCPATH\vendor\setasign\fpdi\src\PdfParser\PdfParser.php(181): setasign\Fpdi\PdfParser\PdfParser->getCatalog()
 6 FCPATH\vendor\setasign\fpdi\src\PdfReader\PdfReader.php(84): setasign\Fpdi\PdfParser\PdfParser->getPdfVersion()
 7 FCPATH\vendor\setasign\fpdi\src\FpdiTrait.php(217): setasign\Fpdi\PdfReader\PdfReader->getPdfVersion()
 8 APPPATH\Libraries\GeneratePdf.php(137): setasign\Fpdi\Fpdi->setSourceFile('FCPATH\\systemtemplates\\168232019571538.pdf')
 9 APPPATH\Controllers\Document.php(287): App\Libraries\GeneratePdf->prepareCompletionCertificate('C:\\wamp64\\www\\digitalsignature', 'FCPATH\\systemtemplates\\168232019571538.pdf', [], 'C:\\wamp64\\www\\digitalsignature', 'C:\\wamp64\\www\\digitalsignature', 'FCPATH\\650d5885e051cbf1361781a0366dab198ce52007')
10 SYSTEMPATH\CodeIgniter.php(934): App\Controllers\Document->test()
11 SYSTEMPATH\CodeIgniter.php(499): CodeIgniter\CodeIgniter->runController(Object(App\Controllers\Document))
12 SYSTEMPATH\CodeIgniter.php(368): CodeIgniter\CodeIgniter->handleRequest(null, Object(Config\Cache), false)
13 FCPATH\index.php(68): CodeIgniter\CodeIgniter->run()
CRITICAL - 2023-04-24 07:11:50 --> This PDF document probably uses a compression technique which is not supported by the free parser shipped with FPDI. (See https://www.setasign.com/fpdi-pdf-parser for more details)
in FCPATH\vendor\setasign\fpdi\src\PdfParser\CrossReference\CrossReference.php on line 257.
 1 FCPATH\vendor\setasign\fpdi\src\PdfParser\CrossReference\CrossReference.php(209): setasign\Fpdi\PdfParser\CrossReference\CrossReference->initReaderInstance(Object(setasign\Fpdi\PdfParser\Type\PdfIndirectObject))
 2 FCPATH\vendor\setasign\fpdi\src\PdfParser\CrossReference\CrossReference.php(67): setasign\Fpdi\PdfParser\CrossReference\CrossReference->readXref(196903)
 3 FCPATH\vendor\setasign\fpdi\src\PdfParser\PdfParser.php(157): setasign\Fpdi\PdfParser\CrossReference\CrossReference->__construct(Object(setasign\Fpdi\PdfParser\PdfParser), 0)
 4 FCPATH\vendor\setasign\fpdi\src\PdfParser\PdfParser.php(205): setasign\Fpdi\PdfParser\PdfParser->getCrossReference()
 5 FCPATH\vendor\setasign\fpdi\src\PdfParser\PdfParser.php(181): setasign\Fpdi\PdfParser\PdfParser->getCatalog()
 6 FCPATH\vendor\setasign\fpdi\src\PdfReader\PdfReader.php(84): setasign\Fpdi\PdfParser\PdfParser->getPdfVersion()
 7 FCPATH\vendor\setasign\fpdi\src\FpdiTrait.php(217): setasign\Fpdi\PdfReader\PdfReader->getPdfVersion()
 8 APPPATH\Libraries\GeneratePdf.php(137): setasign\Fpdi\Fpdi->setSourceFile('FCPATH\\systemtemplates\\168232019571538.pdf')
 9 APPPATH\Controllers\Document.php(287): App\Libraries\GeneratePdf->prepareCompletionCertificate('C:\\wamp64\\www\\digitalsignature', 'FCPATH\\systemtemplates\\168232019571538.pdf', [], 'C:\\wamp64\\www\\digitalsignature', 'C:\\wamp64\\www\\digitalsignature', 'FCPATH\\650d5885e051cbf1361781a0366dab198ce52007')
10 SYSTEMPATH\CodeIgniter.php(934): App\Controllers\Document->test()
11 SYSTEMPATH\CodeIgniter.php(499): CodeIgniter\CodeIgniter->runController(Object(App\Controllers\Document))
12 SYSTEMPATH\CodeIgniter.php(368): CodeIgniter\CodeIgniter->handleRequest(null, Object(Config\Cache), false)
13 FCPATH\index.php(68): CodeIgniter\CodeIgniter->run()
CRITICAL - 2023-04-24 09:11:39 --> FPDF error: Some data has already been output, can't send PDF file
in FCPATH\vendor\setasign\fpdf\fpdf.php on line 273.
 1 FCPATH\vendor\setasign\fpdf\fpdf.php(1057): FPDF->Error('Some data has already been output, can\'t send PDF file')
 2 FCPATH\vendor\setasign\fpdf\fpdf.php(1003): FPDF->_checkoutput()
 3 APPPATH\Libraries\GeneratePdf.php(144): FPDF->Output()
 4 APPPATH\Controllers\Document.php(288): App\Libraries\GeneratePdf->prepareCompletionCertificate('C:\\wamp64\\www\\digitalsignature', 'FCPATH\\systemtemplates\\uncompressed.pdf', [], 'C:\\wamp64\\www\\digitalsignature', 'C:\\wamp64\\www\\digitalsignature', 'FCPATH\\650d5885e051cbf1361781a0366dab198ce52007')
 5 SYSTEMPATH\CodeIgniter.php(934): App\Controllers\Document->test()
 6 SYSTEMPATH\CodeIgniter.php(499): CodeIgniter\CodeIgniter->runController(Object(App\Controllers\Document))
 7 SYSTEMPATH\CodeIgniter.php(368): CodeIgniter\CodeIgniter->handleRequest(null, Object(Config\Cache), false)
 8 FCPATH\index.php(68): CodeIgniter\CodeIgniter->run()
CRITICAL - 2023-04-24 09:12:52 --> FPDF error: No page has been added yet
in FCPATH\vendor\setasign\fpdf\fpdf.php on line 273.
 1 FCPATH\vendor\setasign\fpdf\fpdf.php(1464): FPDF->Error('No page has been added yet')
 2 FCPATH\vendor\setasign\fpdi\src\FpdfTplTrait.php(467): FPDF->_out('q 0.000 g BT 8.50 827.72 Td (1234567890abcdefghijklmnopqrstuvwxyz) Tj ET Q')
 3 FCPATH\vendor\setasign\fpdf\fpdf.php(570): setasign\Fpdi\FpdfTpl->_out('q 0.000 g BT 8.50 827.72 Td (1234567890abcdefghijklmnopqrstuvwxyz) Tj ET Q')
 4 APPPATH\Libraries\GeneratePdf.php(147): FPDF->Text(3, 5, '1234567890abcdefghijklmnopqrstuvwxyz')
 5 APPPATH\Controllers\Document.php(288): App\Libraries\GeneratePdf->prepareCompletionCertificate('C:\\wamp64\\www\\digitalsignature', 'FCPATH\\systemtemplates\\uncompressed.pdf', [], 'C:\\wamp64\\www\\digitalsignature', 'C:\\wamp64\\www\\digitalsignature', 'FCPATH\\650d5885e051cbf1361781a0366dab198ce52007')
 6 SYSTEMPATH\CodeIgniter.php(934): App\Controllers\Document->test()
 7 SYSTEMPATH\CodeIgniter.php(499): CodeIgniter\CodeIgniter->runController(Object(App\Controllers\Document))
 8 SYSTEMPATH\CodeIgniter.php(368): CodeIgniter\CodeIgniter->handleRequest(null, Object(Config\Cache), false)
 9 FCPATH\index.php(68): CodeIgniter\CodeIgniter->run()
CRITICAL - 2023-04-24 09:13:42 --> FPDF error: Some data has already been output, can't send PDF file
in FCPATH\vendor\setasign\fpdf\fpdf.php on line 273.
 1 FCPATH\vendor\setasign\fpdf\fpdf.php(1057): FPDF->Error('Some data has already been output, can\'t send PDF file')
 2 FCPATH\vendor\setasign\fpdf\fpdf.php(1003): FPDF->_checkoutput()
 3 APPPATH\Libraries\GeneratePdf.php(161): FPDF->Output()
 4 APPPATH\Controllers\Document.php(288): App\Libraries\GeneratePdf->prepareCompletionCertificate('C:\\wamp64\\www\\digitalsignature', 'FCPATH\\systemtemplates\\uncompressed.pdf', [], 'C:\\wamp64\\www\\digitalsignature', 'C:\\wamp64\\www\\digitalsignature', 'FCPATH\\650d5885e051cbf1361781a0366dab198ce52007')
 5 SYSTEMPATH\CodeIgniter.php(934): App\Controllers\Document->test()
 6 SYSTEMPATH\CodeIgniter.php(499): CodeIgniter\CodeIgniter->runController(Object(App\Controllers\Document))
 7 SYSTEMPATH\CodeIgniter.php(368): CodeIgniter\CodeIgniter->handleRequest(null, Object(Config\Cache), false)
 8 FCPATH\index.php(68): CodeIgniter\CodeIgniter->run()
CRITICAL - 2023-04-24 09:17:45 --> FPDF error: Some data has already been output, can't send PDF file
in FCPATH\vendor\setasign\fpdf\fpdf.php on line 273.
 1 FCPATH\vendor\setasign\fpdf\fpdf.php(1057): FPDF->Error('Some data has already been output, can\'t send PDF file')
 2 FCPATH\vendor\setasign\fpdf\fpdf.php(1003): FPDF->_checkoutput()
 3 APPPATH\Libraries\GeneratePdf.php(161): FPDF->Output()
 4 APPPATH\Controllers\Document.php(288): App\Libraries\GeneratePdf->prepareCompletionCertificate('C:\\wamp64\\www\\digitalsignature', 'FCPATH\\systemtemplates\\uncompressed.pdf', [], 'C:\\wamp64\\www\\digitalsignature', 'C:\\wamp64\\www\\digitalsignature', 'FCPATH\\650d5885e051cbf1361781a0366dab198ce52007')
 5 SYSTEMPATH\CodeIgniter.php(934): App\Controllers\Document->test()
 6 SYSTEMPATH\CodeIgniter.php(499): CodeIgniter\CodeIgniter->runController(Object(App\Controllers\Document))
 7 SYSTEMPATH\CodeIgniter.php(368): CodeIgniter\CodeIgniter->handleRequest(null, Object(Config\Cache), false)
 8 FCPATH\index.php(68): CodeIgniter\CodeIgniter->run()
CRITICAL - 2023-04-24 09:21:30 --> FPDF error: Some data has already been output, can't send PDF file
in FCPATH\vendor\setasign\fpdf\fpdf.php on line 273.
 1 FCPATH\vendor\setasign\fpdf\fpdf.php(1057): FPDF->Error('Some data has already been output, can\'t send PDF file')
 2 FCPATH\vendor\setasign\fpdf\fpdf.php(1003): FPDF->_checkoutput()
 3 APPPATH\Libraries\GeneratePdf.php(161): FPDF->Output()
 4 APPPATH\Controllers\Document.php(288): App\Libraries\GeneratePdf->prepareCompletionCertificate('C:\\wamp64\\www\\digitalsignature', 'FCPATH\\systemtemplates\\sample.pdf', [], 'C:\\wamp64\\www\\digitalsignature', 'C:\\wamp64\\www\\digitalsignature', 'FCPATH\\650d5885e051cbf1361781a0366dab198ce52007')
 5 SYSTEMPATH\CodeIgniter.php(934): App\Controllers\Document->test()
 6 SYSTEMPATH\CodeIgniter.php(499): CodeIgniter\CodeIgniter->runController(Object(App\Controllers\Document))
 7 SYSTEMPATH\CodeIgniter.php(368): CodeIgniter\CodeIgniter->handleRequest(null, Object(Config\Cache), false)
 8 FCPATH\index.php(68): CodeIgniter\CodeIgniter->run()
CRITICAL - 2023-04-24 10:56:22 --> The xref position points to an incorrect object type.
in FCPATH\vendor\setasign\fpdi\src\PdfParser\CrossReference\CrossReference.php on line 264.
 1 FCPATH\vendor\setasign\fpdi\src\PdfParser\CrossReference\CrossReference.php(209): setasign\Fpdi\PdfParser\CrossReference\CrossReference->initReaderInstance(Object(setasign\Fpdi\PdfParser\Type\PdfToken))
 2 FCPATH\vendor\setasign\fpdi\src\PdfParser\CrossReference\CrossReference.php(67): setasign\Fpdi\PdfParser\CrossReference\CrossReference->readXref(3525471)
 3 FCPATH\vendor\setasign\fpdi\src\PdfParser\PdfParser.php(157): setasign\Fpdi\PdfParser\CrossReference\CrossReference->__construct(Object(setasign\Fpdi\PdfParser\PdfParser), 0)
 4 FCPATH\vendor\setasign\fpdi\src\PdfParser\PdfParser.php(205): setasign\Fpdi\PdfParser\PdfParser->getCrossReference()
 5 FCPATH\vendor\setasign\fpdi\src\PdfParser\PdfParser.php(181): setasign\Fpdi\PdfParser\PdfParser->getCatalog()
 6 FCPATH\vendor\setasign\fpdi\src\PdfReader\PdfReader.php(84): setasign\Fpdi\PdfParser\PdfParser->getPdfVersion()
 7 FCPATH\vendor\setasign\fpdi\src\FpdiTrait.php(217): setasign\Fpdi\PdfReader\PdfReader->getPdfVersion()
 8 APPPATH\Libraries\GeneratePdf.php(137): setasign\Fpdi\Fpdi->setSourceFile('FCPATH\\systemtemplates\\CertificateOfCompletion.pdf')
 9 APPPATH\Controllers\Document.php(288): App\Libraries\GeneratePdf->prepareCompletionCertificate('C:\\wamp64\\www\\digitalsignature', 'FCPATH\\systemtemplates\\CertificateOfCompletion.pdf', [], 'C:\\wamp64\\www\\digitalsignature', 'C:\\wamp64\\www\\digitalsignature', 'FCPATH\\650d5885e051cbf1361781a0366dab198ce52007')
10 SYSTEMPATH\CodeIgniter.php(934): App\Controllers\Document->test()
11 SYSTEMPATH\CodeIgniter.php(499): CodeIgniter\CodeIgniter->runController(Object(App\Controllers\Document))
12 SYSTEMPATH\CodeIgniter.php(368): CodeIgniter\CodeIgniter->handleRequest(null, Object(Config\Cache), false)
13 FCPATH\index.php(68): CodeIgniter\CodeIgniter->run()
CRITICAL - 2023-04-24 11:10:08 --> The xref position points to an incorrect object type.
in FCPATH\vendor\setasign\fpdi\src\PdfParser\CrossReference\CrossReference.php on line 264.
 1 FCPATH\vendor\setasign\fpdi\src\PdfParser\CrossReference\CrossReference.php(209): setasign\Fpdi\PdfParser\CrossReference\CrossReference->initReaderInstance(Object(setasign\Fpdi\PdfParser\Type\PdfToken))
 2 FCPATH\vendor\setasign\fpdi\src\PdfParser\CrossReference\CrossReference.php(67): setasign\Fpdi\PdfParser\CrossReference\CrossReference->readXref(3525471)
 3 FCPATH\vendor\setasign\fpdi\src\PdfParser\PdfParser.php(157): setasign\Fpdi\PdfParser\CrossReference\CrossReference->__construct(Object(setasign\Fpdi\PdfParser\PdfParser), 0)
 4 FCPATH\vendor\setasign\fpdi\src\PdfParser\PdfParser.php(205): setasign\Fpdi\PdfParser\PdfParser->getCrossReference()
 5 FCPATH\vendor\setasign\fpdi\src\PdfParser\PdfParser.php(181): setasign\Fpdi\PdfParser\PdfParser->getCatalog()
 6 FCPATH\vendor\setasign\fpdi\src\PdfReader\PdfReader.php(84): setasign\Fpdi\PdfParser\PdfParser->getPdfVersion()
 7 FCPATH\vendor\setasign\fpdi\src\FpdiTrait.php(217): setasign\Fpdi\PdfReader\PdfReader->getPdfVersion()
 8 APPPATH\Libraries\GeneratePdf.php(137): setasign\Fpdi\Fpdi->setSourceFile('FCPATH\\systemtemplates\\CertificateOfCompletion.pdf')
 9 APPPATH\Controllers\Document.php(288): App\Libraries\GeneratePdf->prepareCompletionCertificate('C:\\wamp64\\www\\digitalsignature', 'FCPATH\\systemtemplates\\CertificateOfCompletion.pdf', [], 'C:\\wamp64\\www\\digitalsignature', 'C:\\wamp64\\www\\digitalsignature', 'FCPATH\\650d5885e051cbf1361781a0366dab198ce52007')
10 SYSTEMPATH\CodeIgniter.php(934): App\Controllers\Document->test()
11 SYSTEMPATH\CodeIgniter.php(499): CodeIgniter\CodeIgniter->runController(Object(App\Controllers\Document))
12 SYSTEMPATH\CodeIgniter.php(368): CodeIgniter\CodeIgniter->handleRequest(null, Object(Config\Cache), false)
13 FCPATH\index.php(68): CodeIgniter\CodeIgniter->run()
CRITICAL - 2023-04-24 11:10:12 --> The xref position points to an incorrect object type.
in FCPATH\vendor\setasign\fpdi\src\PdfParser\CrossReference\CrossReference.php on line 264.
 1 FCPATH\vendor\setasign\fpdi\src\PdfParser\CrossReference\CrossReference.php(209): setasign\Fpdi\PdfParser\CrossReference\CrossReference->initReaderInstance(Object(setasign\Fpdi\PdfParser\Type\PdfToken))
 2 FCPATH\vendor\setasign\fpdi\src\PdfParser\CrossReference\CrossReference.php(67): setasign\Fpdi\PdfParser\CrossReference\CrossReference->readXref(3525471)
 3 FCPATH\vendor\setasign\fpdi\src\PdfParser\PdfParser.php(157): setasign\Fpdi\PdfParser\CrossReference\CrossReference->__construct(Object(setasign\Fpdi\PdfParser\PdfParser), 0)
 4 FCPATH\vendor\setasign\fpdi\src\PdfParser\PdfParser.php(205): setasign\Fpdi\PdfParser\PdfParser->getCrossReference()
 5 FCPATH\vendor\setasign\fpdi\src\PdfParser\PdfParser.php(181): setasign\Fpdi\PdfParser\PdfParser->getCatalog()
 6 FCPATH\vendor\setasign\fpdi\src\PdfReader\PdfReader.php(84): setasign\Fpdi\PdfParser\PdfParser->getPdfVersion()
 7 FCPATH\vendor\setasign\fpdi\src\FpdiTrait.php(217): setasign\Fpdi\PdfReader\PdfReader->getPdfVersion()
 8 APPPATH\Libraries\GeneratePdf.php(137): setasign\Fpdi\Fpdi->setSourceFile('FCPATH\\systemtemplates\\CertificateOfCompletion.pdf')
 9 APPPATH\Controllers\Document.php(288): App\Libraries\GeneratePdf->prepareCompletionCertificate('C:\\wamp64\\www\\digitalsignature', 'FCPATH\\systemtemplates\\CertificateOfCompletion.pdf', [], 'C:\\wamp64\\www\\digitalsignature', 'C:\\wamp64\\www\\digitalsignature', 'FCPATH\\650d5885e051cbf1361781a0366dab198ce52007')
10 SYSTEMPATH\CodeIgniter.php(934): App\Controllers\Document->test()
11 SYSTEMPATH\CodeIgniter.php(499): CodeIgniter\CodeIgniter->runController(Object(App\Controllers\Document))
12 SYSTEMPATH\CodeIgniter.php(368): CodeIgniter\CodeIgniter->handleRequest(null, Object(Config\Cache), false)
13 FCPATH\index.php(68): CodeIgniter\CodeIgniter->run()
CRITICAL - 2023-04-24 12:43:38 --> FPDF error: Some data has already been output, can't send PDF file
in FCPATH\vendor\setasign\fpdf\fpdf.php on line 273.
 1 FCPATH\vendor\setasign\fpdf\fpdf.php(1142): FPDF->Error('Some data has already been output, can\'t send PDF file')
 2 FCPATH\vendor\setasign\fpdf\fpdf.php(1088): FPDF->_checkoutput()
 3 APPPATH\Libraries\GeneratePdf.php(246): FPDF->Output()
 4 APPPATH\Controllers\Document.php(288): App\Libraries\GeneratePdf->prepareCompletionCertificate('C:\\wamp64\\www\\digitalsignature', 'FCPATH\\systemtemplates\\uncompressed.pdf', [], 'C:\\wamp64\\www\\digitalsignature', 'C:\\wamp64\\www\\digitalsignature', 'FCPATH\\650d5885e051cbf1361781a0366dab198ce52007')
 5 SYSTEMPATH\CodeIgniter.php(934): App\Controllers\Document->test()
 6 SYSTEMPATH\CodeIgniter.php(499): CodeIgniter\CodeIgniter->runController(Object(App\Controllers\Document))
 7 SYSTEMPATH\CodeIgniter.php(368): CodeIgniter\CodeIgniter->handleRequest(null, Object(Config\Cache), false)
 8 FCPATH\index.php(68): CodeIgniter\CodeIgniter->run()
CRITICAL - 2023-04-24 12:45:02 --> FPDF error: Some data has already been output, can't send PDF file
in FCPATH\vendor\setasign\fpdf\fpdf.php on line 273.
 1 FCPATH\vendor\setasign\fpdf\fpdf.php(1142): FPDF->Error('Some data has already been output, can\'t send PDF file')
 2 FCPATH\vendor\setasign\fpdf\fpdf.php(1088): FPDF->_checkoutput()
 3 APPPATH\Libraries\GeneratePdf.php(246): FPDF->Output()
 4 APPPATH\Controllers\Document.php(288): App\Libraries\GeneratePdf->prepareCompletionCertificate('C:\\wamp64\\www\\digitalsignature', 'FCPATH\\systemtemplates\\uncompressed.pdf', [], 'C:\\wamp64\\www\\digitalsignature', 'C:\\wamp64\\www\\digitalsignature', 'FCPATH\\650d5885e051cbf1361781a0366dab198ce52007')
 5 SYSTEMPATH\CodeIgniter.php(934): App\Controllers\Document->test()
 6 SYSTEMPATH\CodeIgniter.php(499): CodeIgniter\CodeIgniter->runController(Object(App\Controllers\Document))
 7 SYSTEMPATH\CodeIgniter.php(368): CodeIgniter\CodeIgniter->handleRequest(null, Object(Config\Cache), false)
 8 FCPATH\index.php(68): CodeIgniter\CodeIgniter->run()
