CRITICAL - 2023-03-02 04:37:37 --> syntax error, unexpected 'userassets' (T_STRING), expecting ';' or ','
in APPPATH\Controllers\Document.php on line 573.
 1 SYSTEMPATH\Autoloader\Autoloader.php(289): CodeIgniter\Autoloader\Autoloader->includeFile('APPPATH\\Controllers\\Document.php')
 2 SYSTEMPATH\Autoloader\Autoloader.php(267): CodeIgniter\Autoloader\Autoloader->loadInNamespace('App\\Controllers\\Document')
 3 [internal function]: CodeIgniter\Autoloader\Autoloader->loadClass('App\\Controllers\\Document')
 4 [internal function]: spl_autoload_call('App\\Controllers\\Document')
 5 SYSTEMPATH\CodeIgniter.php(892): class_exists('\\App\\Controllers\\Document', true)
 6 SYSTEMPATH\CodeIgniter.php(486): CodeIgniter\CodeIgniter->startController()
 7 SYSTEMPATH\CodeIgniter.php(368): CodeIgniter\CodeIgniter->handleRequest(null, Object(Config\Cache), false)
 8 FCPATH\index.php(68): CodeIgniter\CodeIgniter->run()
CRITICAL - 2023-03-02 04:41:10 --> syntax error, unexpected 'userassets' (T_STRING)
in APPPATH\Controllers\Document.php on line 575.
 1 SYSTEMPATH\Autoloader\Autoloader.php(289): CodeIgniter\Autoloader\Autoloader->includeFile('APPPATH\\Controllers\\Document.php')
 2 SYSTEMPATH\Autoloader\Autoloader.php(267): CodeIgniter\Autoloader\Autoloader->loadInNamespace('App\\Controllers\\Document')
 3 [internal function]: CodeIgniter\Autoloader\Autoloader->loadClass('App\\Controllers\\Document')
 4 [internal function]: spl_autoload_call('App\\Controllers\\Document')
 5 SYSTEMPATH\CodeIgniter.php(892): class_exists('\\App\\Controllers\\Document', true)
 6 SYSTEMPATH\CodeIgniter.php(486): CodeIgniter\CodeIgniter->startController()
 7 SYSTEMPATH\CodeIgniter.php(368): CodeIgniter\CodeIgniter->handleRequest(null, Object(Config\Cache), false)
 8 FCPATH\index.php(68): CodeIgniter\CodeIgniter->run()
CRITICAL - 2023-03-02 04:54:11 --> syntax error, unexpected '\' (T_NS_SEPARATOR)
in APPPATH\Controllers\Document.php on line 566.
 1 SYSTEMPATH\Autoloader\Autoloader.php(289): CodeIgniter\Autoloader\Autoloader->includeFile('APPPATH\\Controllers\\Document.php')
 2 SYSTEMPATH\Autoloader\Autoloader.php(267): CodeIgniter\Autoloader\Autoloader->loadInNamespace('App\\Controllers\\Document')
 3 [internal function]: CodeIgniter\Autoloader\Autoloader->loadClass('App\\Controllers\\Document')
 4 [internal function]: spl_autoload_call('App\\Controllers\\Document')
 5 SYSTEMPATH\CodeIgniter.php(892): class_exists('\\App\\Controllers\\Document', true)
 6 SYSTEMPATH\CodeIgniter.php(486): CodeIgniter\CodeIgniter->startController()
 7 SYSTEMPATH\CodeIgniter.php(368): CodeIgniter\CodeIgniter->handleRequest(null, Object(Config\Cache), false)
 8 FCPATH\index.php(68): CodeIgniter\CodeIgniter->run()
CRITICAL - 2023-03-02 04:54:46 --> syntax error, unexpected '\' (T_NS_SEPARATOR), expecting ';' or ','
in APPPATH\Controllers\Document.php on line 566.
 1 SYSTEMPATH\Autoloader\Autoloader.php(289): CodeIgniter\Autoloader\Autoloader->includeFile('APPPATH\\Controllers\\Document.php')
 2 SYSTEMPATH\Autoloader\Autoloader.php(267): CodeIgniter\Autoloader\Autoloader->loadInNamespace('App\\Controllers\\Document')
 3 [internal function]: CodeIgniter\Autoloader\Autoloader->loadClass('App\\Controllers\\Document')
 4 [internal function]: spl_autoload_call('App\\Controllers\\Document')
 5 SYSTEMPATH\CodeIgniter.php(892): class_exists('\\App\\Controllers\\Document', true)
 6 SYSTEMPATH\CodeIgniter.php(486): CodeIgniter\CodeIgniter->startController()
 7 SYSTEMPATH\CodeIgniter.php(368): CodeIgniter\CodeIgniter->handleRequest(null, Object(Config\Cache), false)
 8 FCPATH\index.php(68): CodeIgniter\CodeIgniter->run()
CRITICAL - 2023-03-02 04:55:16 --> syntax error, unexpected '\' (T_NS_SEPARATOR), expecting ';' or ','
in APPPATH\Controllers\Document.php on line 566.
 1 SYSTEMPATH\Autoloader\Autoloader.php(289): CodeIgniter\Autoloader\Autoloader->includeFile('APPPATH\\Controllers\\Document.php')
 2 SYSTEMPATH\Autoloader\Autoloader.php(267): CodeIgniter\Autoloader\Autoloader->loadInNamespace('App\\Controllers\\Document')
 3 [internal function]: CodeIgniter\Autoloader\Autoloader->loadClass('App\\Controllers\\Document')
 4 [internal function]: spl_autoload_call('App\\Controllers\\Document')
 5 SYSTEMPATH\CodeIgniter.php(892): class_exists('\\App\\Controllers\\Document', true)
 6 SYSTEMPATH\CodeIgniter.php(486): CodeIgniter\CodeIgniter->startController()
 7 SYSTEMPATH\CodeIgniter.php(368): CodeIgniter\CodeIgniter->handleRequest(null, Object(Config\Cache), false)
 8 FCPATH\index.php(68): CodeIgniter\CodeIgniter->run()
CRITICAL - 2023-03-02 07:48:41 --> Invalid type in $file parameter (NULL)
in FCPATH\vendor\setasign\fpdi\src\FpdiTrait.php on line 161.
 1 FCPATH\vendor\setasign\fpdi\src\FpdiTrait.php(213): setasign\Fpdi\Fpdi->getPdfReaderId(null)
 2 APPPATH\Libraries\GeneratePdf.php(41): setasign\Fpdi\Fpdi->setSourceFile(null)
 3 APPPATH\Controllers\Document.php(591): App\Libraries\GeneratePdf->preparePdf('C:\\wamp64\\www\\digitalsignature', 'FCPATH\\userassets\\mydocuments\\1673874254153097\\6f57ccc8e5b29a2e07824607d4df0ae4.pdf', [...])
 4 SYSTEMPATH\CodeIgniter.php(934): App\Controllers\Document->processsign()
 5 SYSTEMPATH\CodeIgniter.php(499): CodeIgniter\CodeIgniter->runController(Object(App\Controllers\Document))
 6 SYSTEMPATH\CodeIgniter.php(368): CodeIgniter\CodeIgniter->handleRequest(null, Object(Config\Cache), false)
 7 FCPATH\index.php(68): CodeIgniter\CodeIgniter->run()
CRITICAL - 2023-03-02 10:36:00 --> FPDF error: No page has been added yet
in FCPATH\vendor\setasign\fpdf\fpdf.php on line 273.
 1 FCPATH\vendor\setasign\fpdf\fpdf.php(1464): FPDF->Error('No page has been added yet')
 2 FCPATH\vendor\setasign\fpdi\src\FpdfTplTrait.php(467): FPDF->_out('q 0 J 1 w 0 j 0 G 0 g 1.1291 0 0 1.1291 0.0000 0.0000 cm /TPL0 Do Q')
 3 FCPATH\vendor\setasign\fpdi\src\FpdiTrait.php(441): setasign\Fpdi\FpdfTpl->_out('q 0 J 1 w 0 j 0 G 0 g 1.1291 0 0 1.1291 0.0000 0.0000 cm /TPL0 Do Q')
 4 FCPATH\vendor\setasign\fpdi\src\Fpdi.php(59): setasign\Fpdi\Fpdi->useImportedPage('FCPATH\\userassets\\mydocuments\\1673874254153097\\6f57ccc8e5b29a2e07824607d4df0ae4.pdf|1|1|CropBox', 0, 0, 237, null, true)
 5 APPPATH\Libraries\GeneratePdf.php(47): setasign\Fpdi\Fpdi->useTemplate('FCPATH\\userassets\\mydocuments\\1673874254153097\\6f57ccc8e5b29a2e07824607d4df0ae4.pdf|1|1|CropBox', 0, 0, 237, null, true)
 6 APPPATH\Controllers\Document.php(591): App\Libraries\GeneratePdf->preparePdf('C:\\wamp64\\www\\digitalsignature', 'FCPATH\\userassets\\mydocuments\\1673874254153097\\6f57ccc8e5b29a2e07824607d4df0ae4.pdf', [...])
 7 SYSTEMPATH\CodeIgniter.php(934): App\Controllers\Document->processsign()
 8 SYSTEMPATH\CodeIgniter.php(499): CodeIgniter\CodeIgniter->runController(Object(App\Controllers\Document))
 9 SYSTEMPATH\CodeIgniter.php(368): CodeIgniter\CodeIgniter->handleRequest(null, Object(Config\Cache), false)
10 FCPATH\index.php(68): CodeIgniter\CodeIgniter->run()
CRITICAL - 2023-03-02 10:45:12 --> FPDF error: No page has been added yet
in FCPATH\vendor\setasign\fpdf\fpdf.php on line 273.
 1 FCPATH\vendor\setasign\fpdf\fpdf.php(1464): FPDF->Error('No page has been added yet')
 2 FCPATH\vendor\setasign\fpdi\src\FpdfTplTrait.php(467): FPDF->_out('q 0 J 1 w 0 j 0 G 0 g 1.1291 0 0 1.1291 0.0000 0.0000 cm /TPL0 Do Q')
 3 FCPATH\vendor\setasign\fpdi\src\FpdiTrait.php(441): setasign\Fpdi\FpdfTpl->_out('q 0 J 1 w 0 j 0 G 0 g 1.1291 0 0 1.1291 0.0000 0.0000 cm /TPL0 Do Q')
 4 FCPATH\vendor\setasign\fpdi\src\Fpdi.php(59): setasign\Fpdi\Fpdi->useImportedPage('FCPATH\\userassets\\mydocuments\\1673874254153097\\6f57ccc8e5b29a2e07824607d4df0ae4.pdf|1|1|CropBox', 0, 0, 237, null, true)
 5 APPPATH\Libraries\GeneratePdf.php(49): setasign\Fpdi\Fpdi->useTemplate('FCPATH\\userassets\\mydocuments\\1673874254153097\\6f57ccc8e5b29a2e07824607d4df0ae4.pdf|1|1|CropBox', 0, 0, 237, null, true)
 6 APPPATH\Controllers\Document.php(591): App\Libraries\GeneratePdf->preparePdf('C:\\wamp64\\www\\digitalsignature', 'FCPATH\\userassets\\mydocuments\\1673874254153097\\6f57ccc8e5b29a2e07824607d4df0ae4.pdf', [...])
 7 SYSTEMPATH\CodeIgniter.php(934): App\Controllers\Document->processsign()
 8 SYSTEMPATH\CodeIgniter.php(499): CodeIgniter\CodeIgniter->runController(Object(App\Controllers\Document))
 9 SYSTEMPATH\CodeIgniter.php(368): CodeIgniter\CodeIgniter->handleRequest(null, Object(Config\Cache), false)
10 FCPATH\index.php(68): CodeIgniter\CodeIgniter->run()
CRITICAL - 2023-03-02 11:57:12 --> Invalid type in $file parameter (NULL)
in FCPATH\vendor\setasign\fpdi\src\FpdiTrait.php on line 161.
 1 FCPATH\vendor\setasign\fpdi\src\FpdiTrait.php(213): setasign\Fpdi\Fpdi->getPdfReaderId(null)
 2 FCPATH\testpdf.php(58): setasign\Fpdi\Fpdi->setSourceFile(null)
 3 FCPATH\testpdf.php(160): PDF->getTotalPages()
 4 APPPATH\Controllers\Document.php(584): include('FCPATH\\testpdf.php')
 5 SYSTEMPATH\CodeIgniter.php(934): App\Controllers\Document->processsign()
 6 SYSTEMPATH\CodeIgniter.php(499): CodeIgniter\CodeIgniter->runController(Object(App\Controllers\Document))
 7 SYSTEMPATH\CodeIgniter.php(368): CodeIgniter\CodeIgniter->handleRequest(null, Object(Config\Cache), false)
 8 FCPATH\index.php(68): CodeIgniter\CodeIgniter->run()
