CRITICAL - 2023-03-06 06:01:38 --> Call to undefined function function_exist()
in APPPATH\Helpers\kitchen_helper.php on line 139.
 1 SYSTEMPATH\Common.php(655): include_once()
 2 APPPATH\Controllers\Document.php(32): helper([...])
 3 SYSTEMPATH\CodeIgniter.php(906): App\Controllers\Document->__construct()
 4 SYSTEMPATH\CodeIgniter.php(490): CodeIgniter\CodeIgniter->createController()
 5 SYSTEMPATH\CodeIgniter.php(368): CodeIgniter\CodeIgniter->handleRequest(null, Object(Config\Cache), false)
 6 FCPATH\index.php(68): CodeIgniter\CodeIgniter->run()
CRITICAL - 2023-03-06 06:03:27 --> Call to undefined function function_exist()
in APPPATH\Helpers\kitchen_helper.php on line 139.
 1 SYSTEMPATH\Common.php(655): include_once()
 2 APPPATH\Controllers\Document.php(32): helper([...])
 3 SYSTEMPATH\CodeIgniter.php(906): App\Controllers\Document->__construct()
 4 SYSTEMPATH\CodeIgniter.php(490): CodeIgniter\CodeIgniter->createController()
 5 SYSTEMPATH\CodeIgniter.php(368): CodeIgniter\CodeIgniter->handleRequest(null, Object(Config\Cache), false)
 6 FCPATH\index.php(68): CodeIgniter\CodeIgniter->run()
CRITICAL - 2023-03-06 06:03:56 --> Call to undefined function function_exist()
in APPPATH\Helpers\kitchen_helper.php on line 139.
 1 SYSTEMPATH\Common.php(655): include_once()
 2 APPPATH\Controllers\Document.php(32): helper([...])
 3 SYSTEMPATH\CodeIgniter.php(906): App\Controllers\Document->__construct()
 4 SYSTEMPATH\CodeIgniter.php(490): CodeIgniter\CodeIgniter->createController()
 5 SYSTEMPATH\CodeIgniter.php(368): CodeIgniter\CodeIgniter->handleRequest(null, Object(Config\Cache), false)
 6 FCPATH\index.php(68): CodeIgniter\CodeIgniter->run()
CRITICAL - 2023-03-06 06:12:12 --> Call to undefined function function_exist()
in APPPATH\Helpers\kitchen_helper.php on line 139.
 1 SYSTEMPATH\Common.php(655): include_once()
 2 APPPATH\Controllers\Document.php(32): helper([...])
 3 SYSTEMPATH\CodeIgniter.php(906): App\Controllers\Document->__construct()
 4 SYSTEMPATH\CodeIgniter.php(490): CodeIgniter\CodeIgniter->createController()
 5 SYSTEMPATH\CodeIgniter.php(368): CodeIgniter\CodeIgniter->handleRequest(null, Object(Config\Cache), false)
 6 FCPATH\index.php(68): CodeIgniter\CodeIgniter->run()
CRITICAL - 2023-03-06 06:12:45 --> Call to undefined function function_exist()
in APPPATH\Helpers\kitchen_helper.php on line 139.
 1 SYSTEMPATH\Common.php(655): include_once()
 2 APPPATH\Controllers\Document.php(32): helper([...])
 3 SYSTEMPATH\CodeIgniter.php(906): App\Controllers\Document->__construct()
 4 SYSTEMPATH\CodeIgniter.php(490): CodeIgniter\CodeIgniter->createController()
 5 SYSTEMPATH\CodeIgniter.php(368): CodeIgniter\CodeIgniter->handleRequest(null, Object(Config\Cache), false)
 6 FCPATH\index.php(68): CodeIgniter\CodeIgniter->run()
CRITICAL - 2023-03-06 06:15:39 --> file_get_contents(C:\wamp64\www\digitalsignature\650d5885e051cbf1361781a0366dab198ce52007\ccca43b66c9b41b249c46d2ba96612a4\initials.txt): failed to open stream: No such file or directory
in APPPATH\Helpers\kitchen_helper.php on line 142.
 1 [internal function]: CodeIgniter\Debug\Exceptions->errorHandler(2, 'file_get_contents(C:\\wamp64\\www\\digitalsignature\\650d5885e051cbf1361781a0366dab198ce52007\\ccca43b66c9b41b249c46d2ba96612a4\\initials.txt): failed to open stream: No such file or directory', 'APPPATH\\Helpers\\kitchen_helper.php', 142, [...])
 2 APPPATH\Helpers\kitchen_helper.php(142): file_get_contents('FCPATH\\650d5885e051cbf1361781a0366dab198ce52007\\ccca43b66c9b41b249c46d2ba96612a4\\initials.txt')
 3 APPPATH\Controllers\Document.php(597): fileRead('FCPATH\\650d5885e051cbf1361781a0366dab198ce52007\\ccca43b66c9b41b249c46d2ba96612a4\\initials.txt')
 4 SYSTEMPATH\CodeIgniter.php(934): App\Controllers\Document->processsign()
 5 SYSTEMPATH\CodeIgniter.php(499): CodeIgniter\CodeIgniter->runController(Object(App\Controllers\Document))
 6 SYSTEMPATH\CodeIgniter.php(368): CodeIgniter\CodeIgniter->handleRequest(null, Object(Config\Cache), false)
 7 FCPATH\index.php(68): CodeIgniter\CodeIgniter->run()
CRITICAL - 2023-03-06 06:29:01 --> file_get_contents(C:\wamp64\www\digitalsignature\650d5885e051cbf1361781a0366dab198ce52007\ccca43b66c9b41b249c46d2ba96612a4\initials.txt): failed to open stream: No such file or directory
in APPPATH\Helpers\kitchen_helper.php on line 142.
 1 [internal function]: CodeIgniter\Debug\Exceptions->errorHandler(2, 'file_get_contents(C:\\wamp64\\www\\digitalsignature\\650d5885e051cbf1361781a0366dab198ce52007\\ccca43b66c9b41b249c46d2ba96612a4\\initials.txt): failed to open stream: No such file or directory', 'APPPATH\\Helpers\\kitchen_helper.php', 142, [...])
 2 APPPATH\Helpers\kitchen_helper.php(142): file_get_contents('FCPATH\\650d5885e051cbf1361781a0366dab198ce52007\\ccca43b66c9b41b249c46d2ba96612a4\\initials.txt')
 3 APPPATH\Controllers\Document.php(597): fileRead('FCPATH\\650d5885e051cbf1361781a0366dab198ce52007\\ccca43b66c9b41b249c46d2ba96612a4\\initials.txt')
 4 SYSTEMPATH\CodeIgniter.php(934): App\Controllers\Document->processsign()
 5 SYSTEMPATH\CodeIgniter.php(499): CodeIgniter\CodeIgniter->runController(Object(App\Controllers\Document))
 6 SYSTEMPATH\CodeIgniter.php(368): CodeIgniter\CodeIgniter->handleRequest(null, Object(Config\Cache), false)
 7 FCPATH\index.php(68): CodeIgniter\CodeIgniter->run()
CRITICAL - 2023-03-06 06:40:16 --> Invalid type in $file parameter (NULL)
in FCPATH\vendor\setasign\fpdi\src\FpdiTrait.php on line 161.
 1 FCPATH\vendor\setasign\fpdi\src\FpdiTrait.php(213): setasign\Fpdi\Fpdi->getPdfReaderId(null)
 2 FCPATH\testpdf.php(58): setasign\Fpdi\Fpdi->setSourceFile(null)
 3 FCPATH\testpdf.php(160): PDF->getTotalPages()
 4 APPPATH\Libraries\GeneratePdf.php(4): include('FCPATH\\testpdf.php')
 5 SYSTEMPATH\Autoloader\Autoloader.php(312): include_once('APPPATH\\Libraries\\GeneratePdf.php')
 6 SYSTEMPATH\Autoloader\Autoloader.php(289): CodeIgniter\Autoloader\Autoloader->includeFile('APPPATH\\Libraries\\GeneratePdf.php')
 7 SYSTEMPATH\Autoloader\Autoloader.php(267): CodeIgniter\Autoloader\Autoloader->loadInNamespace('App\\Libraries\\GeneratePdf')
 8 [internal function]: CodeIgniter\Autoloader\Autoloader->loadClass('App\\Libraries\\GeneratePdf')
 9 APPPATH\Controllers\Document.php(503): spl_autoload_call('App\\Libraries\\GeneratePdf')
10 SYSTEMPATH\CodeIgniter.php(934): App\Controllers\Document->processsignstatic()
11 SYSTEMPATH\CodeIgniter.php(499): CodeIgniter\CodeIgniter->runController(Object(App\Controllers\Document))
12 SYSTEMPATH\CodeIgniter.php(368): CodeIgniter\CodeIgniter->handleRequest(null, Object(Config\Cache), false)
13 FCPATH\index.php(68): CodeIgniter\CodeIgniter->run()
CRITICAL - 2023-03-06 06:47:50 --> Invalid type in $file parameter (NULL)
in FCPATH\vendor\setasign\fpdi\src\FpdiTrait.php on line 161.
 1 FCPATH\vendor\setasign\fpdi\src\FpdiTrait.php(213): setasign\Fpdi\Fpdi->getPdfReaderId(null)
 2 FCPATH\testpdf.php(58): setasign\Fpdi\Fpdi->setSourceFile(null)
 3 FCPATH\testpdf.php(160): PDF->getTotalPages()
 4 APPPATH\Libraries\GeneratePdf.php(5): include('FCPATH\\testpdf.php')
 5 SYSTEMPATH\Autoloader\Autoloader.php(312): include_once('APPPATH\\Libraries\\GeneratePdf.php')
 6 SYSTEMPATH\Autoloader\Autoloader.php(289): CodeIgniter\Autoloader\Autoloader->includeFile('APPPATH\\Libraries\\GeneratePdf.php')
 7 SYSTEMPATH\Autoloader\Autoloader.php(267): CodeIgniter\Autoloader\Autoloader->loadInNamespace('App\\Libraries\\GeneratePdf')
 8 [internal function]: CodeIgniter\Autoloader\Autoloader->loadClass('App\\Libraries\\GeneratePdf')
 9 APPPATH\Controllers\Document.php(503): spl_autoload_call('App\\Libraries\\GeneratePdf')
10 SYSTEMPATH\CodeIgniter.php(934): App\Controllers\Document->processsignstatic()
11 SYSTEMPATH\CodeIgniter.php(499): CodeIgniter\CodeIgniter->runController(Object(App\Controllers\Document))
12 SYSTEMPATH\CodeIgniter.php(368): CodeIgniter\CodeIgniter->handleRequest(null, Object(Config\Cache), false)
13 FCPATH\index.php(68): CodeIgniter\CodeIgniter->run()
CRITICAL - 2023-03-06 09:10:59 --> Call to undefined method App\Libraries\GeneratePdf::genpdf()
in APPPATH\Controllers\Document.php on line 505.
 1 SYSTEMPATH\CodeIgniter.php(934): App\Controllers\Document->processsignstatic()
 2 SYSTEMPATH\CodeIgniter.php(499): CodeIgniter\CodeIgniter->runController(Object(App\Controllers\Document))
 3 SYSTEMPATH\CodeIgniter.php(368): CodeIgniter\CodeIgniter->handleRequest(null, Object(Config\Cache), false)
 4 FCPATH\index.php(68): CodeIgniter\CodeIgniter->run()
CRITICAL - 2023-03-06 10:34:25 --> syntax error, unexpected 'use' (T_USE)
in APPPATH\Helpers\kitchen_helper.php on line 149.
 1 APPPATH\Controllers\Document.php(34): helper([...])
 2 SYSTEMPATH\CodeIgniter.php(906): App\Controllers\Document->__construct()
 3 SYSTEMPATH\CodeIgniter.php(490): CodeIgniter\CodeIgniter->createController()
 4 SYSTEMPATH\CodeIgniter.php(368): CodeIgniter\CodeIgniter->handleRequest(null, Object(Config\Cache), false)
 5 FCPATH\index.php(68): CodeIgniter\CodeIgniter->run()
