CRITICAL - 2023-01-23 07:15:30 --> mkdir(): No such file or directory
in APPPATH\Helpers\kitchen_helper.php on line 64.
 1 [internal function]: CodeIgniter\Debug\Exceptions->errorHandler(2, 'mkdir(): No such file or directory', 'APPPATH\\Helpers\\kitchen_helper.php', 64, [...])
 2 APPPATH\Helpers\kitchen_helper.php(64): mkdir('/userassets/mydocuments/1673874254153097', 511)
 3 APPPATH\Controllers\Document.php(136): create_local_folder('/userassets/mydocuments/1673874254153097')
 4 SYSTEMPATH\CodeIgniter.php(934): App\Controllers\Document->saveandsenddocument()
 5 SYSTEMPATH\CodeIgniter.php(499): CodeIgniter\CodeIgniter->runController(Object(App\Controllers\Document))
 6 SYSTEMPATH\CodeIgniter.php(368): CodeIgniter\CodeIgniter->handleRequest(null, Object(Config\Cache), false)
 7 FCPATH\index.php(68): CodeIgniter\CodeIgniter->run()
CRITICAL - 2023-01-23 07:16:09 --> mkdir(): No such file or directory
in APPPATH\Helpers\kitchen_helper.php on line 64.
 1 [internal function]: CodeIgniter\Debug\Exceptions->errorHandler(2, 'mkdir(): No such file or directory', 'APPPATH\\Helpers\\kitchen_helper.php', 64, [...])
 2 APPPATH\Helpers\kitchen_helper.php(64): mkdir('/userassets/mydocuments/1673874254153097', 511)
 3 APPPATH\Controllers\Document.php(136): create_local_folder('/userassets/mydocuments/1673874254153097')
 4 SYSTEMPATH\CodeIgniter.php(934): App\Controllers\Document->saveandsenddocument()
 5 SYSTEMPATH\CodeIgniter.php(499): CodeIgniter\CodeIgniter->runController(Object(App\Controllers\Document))
 6 SYSTEMPATH\CodeIgniter.php(368): CodeIgniter\CodeIgniter->handleRequest(null, Object(Config\Cache), false)
 7 FCPATH\index.php(68): CodeIgniter\CodeIgniter->run()
CRITICAL - 2023-01-23 07:17:06 --> mkdir(): No such file or directory
in APPPATH\Helpers\kitchen_helper.php on line 64.
 1 [internal function]: CodeIgniter\Debug\Exceptions->errorHandler(2, 'mkdir(): No such file or directory', 'APPPATH\\Helpers\\kitchen_helper.php', 64, [...])
 2 APPPATH\Helpers\kitchen_helper.php(64): mkdir('/userassets/mydocuments/1673874254153097', 511)
 3 APPPATH\Controllers\Document.php(136): create_local_folder('/userassets/mydocuments/1673874254153097')
 4 SYSTEMPATH\CodeIgniter.php(934): App\Controllers\Document->saveandsenddocument()
 5 SYSTEMPATH\CodeIgniter.php(499): CodeIgniter\CodeIgniter->runController(Object(App\Controllers\Document))
 6 SYSTEMPATH\CodeIgniter.php(368): CodeIgniter\CodeIgniter->handleRequest(null, Object(Config\Cache), false)
 7 FCPATH\index.php(68): CodeIgniter\CodeIgniter->run()
CRITICAL - 2023-01-23 07:18:16 --> mkdir(): No such file or directory
in APPPATH\Helpers\kitchen_helper.php on line 64.
 1 [internal function]: CodeIgniter\Debug\Exceptions->errorHandler(2, 'mkdir(): No such file or directory', 'APPPATH\\Helpers\\kitchen_helper.php', 64, [...])
 2 APPPATH\Helpers\kitchen_helper.php(64): mkdir('/userassets/mydocuments/1673874254153097', 511)
 3 APPPATH\Controllers\Document.php(136): create_local_folder('/userassets/mydocuments/1673874254153097')
 4 SYSTEMPATH\CodeIgniter.php(934): App\Controllers\Document->saveandsenddocument()
 5 SYSTEMPATH\CodeIgniter.php(499): CodeIgniter\CodeIgniter->runController(Object(App\Controllers\Document))
 6 SYSTEMPATH\CodeIgniter.php(368): CodeIgniter\CodeIgniter->handleRequest(null, Object(Config\Cache), false)
 7 FCPATH\index.php(68): CodeIgniter\CodeIgniter->run()
CRITICAL - 2023-01-23 07:19:18 --> mkdir(): No such file or directory
in APPPATH\Helpers\kitchen_helper.php on line 64.
 1 [internal function]: CodeIgniter\Debug\Exceptions->errorHandler(2, 'mkdir(): No such file or directory', 'APPPATH\\Helpers\\kitchen_helper.php', 64, [...])
 2 APPPATH\Helpers\kitchen_helper.php(64): mkdir('/userassets/mydocuments/1673874254153097', 511)
 3 APPPATH\Controllers\Document.php(136): create_local_folder('/userassets/mydocuments/1673874254153097')
 4 SYSTEMPATH\CodeIgniter.php(934): App\Controllers\Document->saveandsenddocument()
 5 SYSTEMPATH\CodeIgniter.php(499): CodeIgniter\CodeIgniter->runController(Object(App\Controllers\Document))
 6 SYSTEMPATH\CodeIgniter.php(368): CodeIgniter\CodeIgniter->handleRequest(null, Object(Config\Cache), false)
 7 FCPATH\index.php(68): CodeIgniter\CodeIgniter->run()
CRITICAL - 2023-01-23 09:30:45 --> rename(C:\wamp64\www\digitalsignature\/userassets/uploads/1673874254153097/1674218633467744.pdf,C:\wamp64\www\digitalsignature\/userassets/mydocuments/1673874254153097/1d70914695bb30128b37cdf37d612816.pdf): The system cannot find the file specified. (code: 2)
in APPPATH\Helpers\kitchen_helper.php on line 112.
 1 [internal function]: CodeIgniter\Debug\Exceptions->errorHandler(2, 'rename(C:\\wamp64\\www\\digitalsignature\\/userassets/uploads/1673874254153097/1674218633467744.pdf,C:\\wamp64\\www\\digitalsignature\\/userassets/mydocuments/1673874254153097/1d70914695bb30128b37cdf37d612816.pdf): The system cannot find the file specified. (code: 2)', 'APPPATH\\Helpers\\kitchen_helper.php', 112, [...])
 2 APPPATH\Helpers\kitchen_helper.php(112): rename('FCPATH\\/userassets/uploads/1673874254153097/1674218633467744.pdf', 'FCPATH\\/userassets/mydocuments/1673874254153097/1d70914695bb30128b37cdf37d612816.pdf')
 3 APPPATH\Controllers\Document.php(198): moveFileOneDirToAnother('FCPATH\\/userassets/uploads/1673874254153097/1674218633467744.pdf', 'FCPATH\\/userassets/mydocuments/1673874254153097/1d70914695bb30128b37cdf37d612816.pdf')
 4 SYSTEMPATH\CodeIgniter.php(934): App\Controllers\Document->saveandsenddocument()
 5 SYSTEMPATH\CodeIgniter.php(499): CodeIgniter\CodeIgniter->runController(Object(App\Controllers\Document))
 6 SYSTEMPATH\CodeIgniter.php(368): CodeIgniter\CodeIgniter->handleRequest(null, Object(Config\Cache), false)
 7 FCPATH\index.php(68): CodeIgniter\CodeIgniter->run()
ERROR - 2023-01-23 09:31:19 --> mysqli_sql_exception: You have an error in your SQL syntax; check the manual that corresponds to your MySQL server version for the right syntax to use near '@gmail.com,upkit.rashikasapru@gmail.com)' at line 1 in C:\wamp64\www\digitalsignature\system\Database\MySQLi\Connection.php:295
Stack trace:
#0 C:\wamp64\www\digitalsignature\system\Database\MySQLi\Connection.php(295): mysqli->query('SELECT `id`, `e...', 0)
#1 C:\wamp64\www\digitalsignature\system\Database\BaseConnection.php(691): CodeIgniter\Database\MySQLi\Connection->execute('SELECT `id`, `e...')
#2 C:\wamp64\www\digitalsignature\system\Database\BaseConnection.php(605): CodeIgniter\Database\BaseConnection->simpleQuery('SELECT `id`, `e...')
#3 C:\wamp64\www\digitalsignature\app\Models\Document_Model.php(47): CodeIgniter\Database\BaseConnection->query('SELECT `id`, `e...')
#4 C:\wamp64\www\digitalsignature\app\Controllers\Document.php(215): App\Models\Document_Model->getUsersByEmail(Array)
#5 C:\wamp64\www\digitalsignature\system\CodeIgniter.php(934): App\Controllers\Document->saveandsenddocument()
#6 C:\wamp64\www\digitalsignature\system\CodeIgniter.php(499): CodeIgniter\CodeIgniter->runController(Object(App\Controllers\Document))
#7 C:\wamp64\www\digitalsignature\system\CodeIgniter.php(368): CodeIgniter\CodeIgniter->handleRequest(NULL, Object(Config\Cache), false)
#8 C:\wamp64\www\digitalsignature\index.php(68): CodeIgniter\CodeIgniter->run()
#9 {main}
CRITICAL - 2023-01-23 09:31:19 --> Call to a member function getResultArray() on bool
in APPPATH\Models\Document_Model.php on line 48.
 1 APPPATH\Controllers\Document.php(215): App\Models\Document_Model->getUsersByEmail([...])
 2 SYSTEMPATH\CodeIgniter.php(934): App\Controllers\Document->saveandsenddocument()
 3 SYSTEMPATH\CodeIgniter.php(499): CodeIgniter\CodeIgniter->runController(Object(App\Controllers\Document))
 4 SYSTEMPATH\CodeIgniter.php(368): CodeIgniter\CodeIgniter->handleRequest(null, Object(Config\Cache), false)
 5 FCPATH\index.php(68): CodeIgniter\CodeIgniter->run()
ERROR - 2023-01-23 09:32:37 --> mysqli_sql_exception: You have an error in your SQL syntax; check the manual that corresponds to your MySQL server version for the right syntax to use near '@gmail.com,upkit.rashikasapru@gmail.com)' at line 1 in C:\wamp64\www\digitalsignature\system\Database\MySQLi\Connection.php:295
Stack trace:
#0 C:\wamp64\www\digitalsignature\system\Database\MySQLi\Connection.php(295): mysqli->query('SELECT `id`, `e...', 0)
#1 C:\wamp64\www\digitalsignature\system\Database\BaseConnection.php(691): CodeIgniter\Database\MySQLi\Connection->execute('SELECT `id`, `e...')
#2 C:\wamp64\www\digitalsignature\system\Database\BaseConnection.php(605): CodeIgniter\Database\BaseConnection->simpleQuery('SELECT `id`, `e...')
#3 C:\wamp64\www\digitalsignature\app\Models\Document_Model.php(47): CodeIgniter\Database\BaseConnection->query('SELECT `id`, `e...')
#4 C:\wamp64\www\digitalsignature\app\Controllers\Document.php(215): App\Models\Document_Model->getUsersByEmail(Array)
#5 C:\wamp64\www\digitalsignature\system\CodeIgniter.php(934): App\Controllers\Document->saveandsenddocument()
#6 C:\wamp64\www\digitalsignature\system\CodeIgniter.php(499): CodeIgniter\CodeIgniter->runController(Object(App\Controllers\Document))
#7 C:\wamp64\www\digitalsignature\system\CodeIgniter.php(368): CodeIgniter\CodeIgniter->handleRequest(NULL, Object(Config\Cache), false)
#8 C:\wamp64\www\digitalsignature\index.php(68): CodeIgniter\CodeIgniter->run()
#9 {main}
CRITICAL - 2023-01-23 09:32:37 --> Call to a member function getResultArray() on bool
in APPPATH\Models\Document_Model.php on line 48.
 1 APPPATH\Controllers\Document.php(215): App\Models\Document_Model->getUsersByEmail([...])
 2 SYSTEMPATH\CodeIgniter.php(934): App\Controllers\Document->saveandsenddocument()
 3 SYSTEMPATH\CodeIgniter.php(499): CodeIgniter\CodeIgniter->runController(Object(App\Controllers\Document))
 4 SYSTEMPATH\CodeIgniter.php(368): CodeIgniter\CodeIgniter->handleRequest(null, Object(Config\Cache), false)
 5 FCPATH\index.php(68): CodeIgniter\CodeIgniter->run()
