CRITICAL - 2023-04-13 05:30:55 --> rename(C:\wamp64\www\digitalsignature\/userassets/uploads/1673874254153097/1681363626649397.pdf,C:\wamp64\www\digitalsignature\/userassets/mydocuments/1673874254153097/d5178e876f515e6507c20bc1e183c663.pdf): The system cannot find the file specified. (code: 2)
in APPPATH\Helpers\kitchen_helper.php on line 128.
 1 [internal function]: CodeIgniter\Debug\Exceptions->errorHandler(2, 'rename(C:\\wamp64\\www\\digitalsignature\\/userassets/uploads/1673874254153097/1681363626649397.pdf,C:\\wamp64\\www\\digitalsignature\\/userassets/mydocuments/1673874254153097/d5178e876f515e6507c20bc1e183c663.pdf): The system cannot find the file specified. (code: 2)', 'APPPATH\\Helpers\\kitchen_helper.php', 128, [...])
 2 APPPATH\Helpers\kitchen_helper.php(128): rename('FCPATH\\/userassets/uploads/1673874254153097/1681363626649397.pdf', 'FCPATH\\/userassets/mydocuments/1673874254153097/d5178e876f515e6507c20bc1e183c663.pdf')
 3 APPPATH\Controllers\Document.php(336): moveFileOneDirToAnother('FCPATH\\/userassets/uploads/1673874254153097/1681363626649397.pdf', 'FCPATH\\/userassets/mydocuments/1673874254153097/d5178e876f515e6507c20bc1e183c663.pdf')
 4 SYSTEMPATH\CodeIgniter.php(934): App\Controllers\Document->saveandsenddocument()
 5 SYSTEMPATH\CodeIgniter.php(499): CodeIgniter\CodeIgniter->runController(Object(App\Controllers\Document))
 6 SYSTEMPATH\CodeIgniter.php(368): CodeIgniter\CodeIgniter->handleRequest(null, Object(Config\Cache), false)
 7 FCPATH\index.php(68): CodeIgniter\CodeIgniter->run()
CRITICAL - 2023-04-13 05:58:33 --> rename(C:\wamp64\www\digitalsignature\/userassets/uploads/1673874254153097/1681363626649397.pdf,C:\wamp64\www\digitalsignature\/userassets/mydocuments/1673874254153097/d81971ef7078f6fbe80520659254edaf.pdf): The system cannot find the file specified. (code: 2)
in APPPATH\Helpers\kitchen_helper.php on line 128.
 1 [internal function]: CodeIgniter\Debug\Exceptions->errorHandler(2, 'rename(C:\\wamp64\\www\\digitalsignature\\/userassets/uploads/1673874254153097/1681363626649397.pdf,C:\\wamp64\\www\\digitalsignature\\/userassets/mydocuments/1673874254153097/d81971ef7078f6fbe80520659254edaf.pdf): The system cannot find the file specified. (code: 2)', 'APPPATH\\Helpers\\kitchen_helper.php', 128, [...])
 2 APPPATH\Helpers\kitchen_helper.php(128): rename('FCPATH\\/userassets/uploads/1673874254153097/1681363626649397.pdf', 'FCPATH\\/userassets/mydocuments/1673874254153097/d81971ef7078f6fbe80520659254edaf.pdf')
 3 APPPATH\Controllers\Document.php(336): moveFileOneDirToAnother('FCPATH\\/userassets/uploads/1673874254153097/1681363626649397.pdf', 'FCPATH\\/userassets/mydocuments/1673874254153097/d81971ef7078f6fbe80520659254edaf.pdf')
 4 SYSTEMPATH\CodeIgniter.php(934): App\Controllers\Document->saveandsenddocument()
 5 SYSTEMPATH\CodeIgniter.php(499): CodeIgniter\CodeIgniter->runController(Object(App\Controllers\Document))
 6 SYSTEMPATH\CodeIgniter.php(368): CodeIgniter\CodeIgniter->handleRequest(null, Object(Config\Cache), false)
 7 FCPATH\index.php(68): CodeIgniter\CodeIgniter->run()
CRITICAL - 2023-04-13 07:55:17 --> Undefined variable $recipients
in APPPATH\Views\admin\header.php on line 60.
 1 APPPATH\Views\admin\header.php(60): CodeIgniter\Debug\Exceptions->errorHandler(2, 'Undefined variable $recipients', 'APPPATH\\Views\\admin\\header.php', 60)
 2 APPPATH\Views\admin\upload.php(1): include('APPPATH\\Views\\admin\\header.php')
 3 SYSTEMPATH\View\View.php(213): include('APPPATH\\Views\\admin\\upload.php')
 4 SYSTEMPATH\View\View.php(216): CodeIgniter\View\View->CodeIgniter\View\{closure}()
 5 SYSTEMPATH\Common.php(1177): CodeIgniter\View\View->render('admin/upload', [], true)
 6 APPPATH\Controllers\Document.php(66): view('admin/upload', [...])
 7 SYSTEMPATH\CodeIgniter.php(934): App\Controllers\Document->upload()
 8 SYSTEMPATH\CodeIgniter.php(499): CodeIgniter\CodeIgniter->runController(Object(App\Controllers\Document))
 9 SYSTEMPATH\CodeIgniter.php(368): CodeIgniter\CodeIgniter->handleRequest(null, Object(Config\Cache), false)
10 FCPATH\index.php(68): CodeIgniter\CodeIgniter->run()
CRITICAL - 2023-04-13 07:55:36 --> Undefined variable $recipients
in APPPATH\Views\admin\header.php on line 60.
 1 APPPATH\Views\admin\header.php(60): CodeIgniter\Debug\Exceptions->errorHandler(2, 'Undefined variable $recipients', 'APPPATH\\Views\\admin\\header.php', 60)
 2 APPPATH\Views\admin\upload.php(1): include('APPPATH\\Views\\admin\\header.php')
 3 SYSTEMPATH\View\View.php(213): include('APPPATH\\Views\\admin\\upload.php')
 4 SYSTEMPATH\View\View.php(216): CodeIgniter\View\View->CodeIgniter\View\{closure}()
 5 SYSTEMPATH\Common.php(1177): CodeIgniter\View\View->render('admin/upload', [], true)
 6 APPPATH\Controllers\Document.php(66): view('admin/upload', [...])
 7 SYSTEMPATH\CodeIgniter.php(934): App\Controllers\Document->upload()
 8 SYSTEMPATH\CodeIgniter.php(499): CodeIgniter\CodeIgniter->runController(Object(App\Controllers\Document))
 9 SYSTEMPATH\CodeIgniter.php(368): CodeIgniter\CodeIgniter->handleRequest(null, Object(Config\Cache), false)
10 FCPATH\index.php(68): CodeIgniter\CodeIgniter->run()
CRITICAL - 2023-04-13 07:57:40 --> Undefined variable $recipients
in APPPATH\Views\admin\header.php on line 60.
 1 APPPATH\Views\admin\header.php(60): CodeIgniter\Debug\Exceptions->errorHandler(2, 'Undefined variable $recipients', 'APPPATH\\Views\\admin\\header.php', 60)
 2 APPPATH\Views\admin\upload.php(1): include('APPPATH\\Views\\admin\\header.php')
 3 SYSTEMPATH\View\View.php(213): include('APPPATH\\Views\\admin\\upload.php')
 4 SYSTEMPATH\View\View.php(216): CodeIgniter\View\View->CodeIgniter\View\{closure}()
 5 SYSTEMPATH\Common.php(1177): CodeIgniter\View\View->render('admin/upload', [], true)
 6 APPPATH\Controllers\Document.php(66): view('admin/upload', [...])
 7 SYSTEMPATH\CodeIgniter.php(934): App\Controllers\Document->upload()
 8 SYSTEMPATH\CodeIgniter.php(499): CodeIgniter\CodeIgniter->runController(Object(App\Controllers\Document))
 9 SYSTEMPATH\CodeIgniter.php(368): CodeIgniter\CodeIgniter->handleRequest(null, Object(Config\Cache), false)
10 FCPATH\index.php(68): CodeIgniter\CodeIgniter->run()
CRITICAL - 2023-04-13 12:51:05 --> fopen(C:/wamp64/www/digitalsignature/userassets/mydocuments///bcbbfa332901052f417265b0b3637d7c.pdf): failed to open stream: No such file or directory
in FCPATH\vendor\setasign\fpdi\src\PdfParser\StreamReader.php on line 42.
 1 [internal function]: CodeIgniter\Debug\Exceptions->errorHandler(2, 'fopen(C:/wamp64/www/digitalsignature/userassets/mydocuments///bcbbfa332901052f417265b0b3637d7c.pdf): failed to open stream: No such file or directory', 'FCPATH\\vendor\\setasign\\fpdi\\src\\PdfParser\\StreamReader.php', 42, [...])
 2 FCPATH\vendor\setasign\fpdi\src\PdfParser\StreamReader.php(42): fopen('C:/wamp64/www/digitalsignature/userassets/mydocuments///bcbbfa332901052f417265b0b3637d7c.pdf', 'rb')
 3 FCPATH\vendor\setasign\fpdi\src\FpdiTrait.php(174): setasign\Fpdi\PdfParser\StreamReader::createByFile('C:/wamp64/www/digitalsignature/userassets/mydocuments///bcbbfa332901052f417265b0b3637d7c.pdf')
 4 FCPATH\vendor\setasign\fpdi\src\FpdiTrait.php(213): setasign\Fpdi\Fpdi->getPdfReaderId('C:/wamp64/www/digitalsignature/userassets/mydocuments///bcbbfa332901052f417265b0b3637d7c.pdf')
 5 APPPATH\Libraries\GeneratePdf.php(30): setasign\Fpdi\Fpdi->setSourceFile('C:/wamp64/www/digitalsignature/userassets/mydocuments///bcbbfa332901052f417265b0b3637d7c.pdf')
 6 APPPATH\Controllers\Document.php(1063): App\Libraries\GeneratePdf->preparePdf('C:\\wamp64\\www\\digitalsignature', 'C:/wamp64/www/digitalsignature/userassets/mydocuments///bcbbfa332901052f417265b0b3637d7c.pdf', [...], '553b96c751b5df001e94ae8c8e2bacde13c2c29eb29c66823e811fd6b31b5d6eb4e63359489d80e44997093b2f2f51b59ed121221afd9b34db75cbf237cb0aefctTe20juvmVrw+KhmHuasoUG2S4GBibz2qdlW8SHB4LNMVNUj/8gXOQqSSIvDbhX6z7I6FPF3XlEXIY1e32IFNRALXR+zUnj0KzRrO8HLb2+nPiBkXOVUF4tzgs7bNti4gIoeWOxekbPMJYsK9WUoRGyp60fx9j7EHzPE6CKHbq5qW3l01U9OV8m8Cyeum3+ytdfWS0ZNrm9H59szpP3Kdwj7XNlcjC2CBAhjkjnBItSxQ==', '37a3235a19a98fd3e4bf7b0bcbe74669')
 7 SYSTEMPATH\CodeIgniter.php(934): App\Controllers\Document->processsign()
 8 SYSTEMPATH\CodeIgniter.php(499): CodeIgniter\CodeIgniter->runController(Object(App\Controllers\Document))
 9 SYSTEMPATH\CodeIgniter.php(368): CodeIgniter\CodeIgniter->handleRequest(null, Object(Config\Cache), false)
10 FCPATH\index.php(68): CodeIgniter\CodeIgniter->run()
